  [1m[35m (432.7ms)[0m  [1m[35mCREATE DATABASE "greens_development" ENCODING = 'unicode'[0m
  ↳ bin/rails:9
  [1m[35m (309.2ms)[0m  [1m[35mCREATE DATABASE "greens_test" ENCODING = 'unicode'[0m
  ↳ bin/rails:9
  [1m[35m (10.3ms)[0m  [1m[35mCREATE TABLE "schema_migrations" ("version" character varying NOT NULL PRIMARY KEY)[0m
  ↳ bin/rails:9
  [1m[35m (4.2ms)[0m  [1m[35mCREATE TABLE "ar_internal_metadata" ("key" character varying NOT NULL PRIMARY KEY, "value" character varying, "created_at" timestamp NOT NULL, "updated_at" timestamp NOT NULL)[0m
  ↳ bin/rails:9
  [1m[35m (0.9ms)[0m  [1m[34mSELECT pg_try_advisory_lock(2413939433977219260)[0m
  ↳ bin/rails:9
  [1m[35m (0.5ms)[0m  [1m[34mSELECT "schema_migrations"."version" FROM "schema_migrations" ORDER BY "schema_migrations"."version" ASC[0m
  ↳ bin/rails:9
Migrating to CreateUsers (20190528023656)
  [1m[35m (0.1ms)[0m  [1m[35mBEGIN[0m
  ↳ bin/rails:9
  [1m[35m (8.1ms)[0m  [1m[35mCREATE TABLE "users" ("id" bigserial primary key, "username" character varying NOT NULL, "email" character varying NOT NULL, "password_digest" character varying NOT NULL, "session_token" character varying NOT NULL, "created_at" timestamp NOT NULL, "updated_at" timestamp NOT NULL)[0m
  ↳ db/migrate/20190528023656_create_users.rb:3
  [1m[35m (4.0ms)[0m  [1m[35mCREATE  INDEX  "index_users_on_username" ON "users"  ("username")[0m
  ↳ db/migrate/20190528023656_create_users.rb:11
  [1m[35m (1.0ms)[0m  [1m[35mCREATE  INDEX  "index_users_on_email" ON "users"  ("email")[0m
  ↳ db/migrate/20190528023656_create_users.rb:12
  [1m[36mActiveRecord::SchemaMigration Create (0.7ms)[0m  [1m[32mINSERT INTO "schema_migrations" ("version") VALUES ($1) RETURNING "version"[0m  [["version", "20190528023656"]]
  ↳ bin/rails:9
  [1m[35m (1.1ms)[0m  [1m[35mCOMMIT[0m
  ↳ bin/rails:9
  [1m[36mActiveRecord::InternalMetadata Load (0.5ms)[0m  [1m[34mSELECT  "ar_internal_metadata".* FROM "ar_internal_metadata" WHERE "ar_internal_metadata"."key" = $1 LIMIT $2[0m  [["key", "environment"], ["LIMIT", 1]]
  ↳ bin/rails:9
  [1m[35m (0.1ms)[0m  [1m[35mBEGIN[0m
  ↳ bin/rails:9
  [1m[36mActiveRecord::InternalMetadata Create (0.5ms)[0m  [1m[32mINSERT INTO "ar_internal_metadata" ("key", "value", "created_at", "updated_at") VALUES ($1, $2, $3, $4) RETURNING "key"[0m  [["key", "environment"], ["value", "development"], ["created_at", "2019-05-28 02:44:51.797777"], ["updated_at", "2019-05-28 02:44:51.797777"]]
  ↳ bin/rails:9
  [1m[35m (0.3ms)[0m  [1m[35mCOMMIT[0m
  ↳ bin/rails:9
  [1m[35m (0.2ms)[0m  [1m[34mSELECT pg_advisory_unlock(2413939433977219260)[0m
  ↳ bin/rails:9
  [1m[35m (0.4ms)[0m  [1m[34mSELECT "schema_migrations"."version" FROM "schema_migrations" ORDER BY "schema_migrations"."version" ASC[0m
  ↳ bin/rails:9
Started GET "/" for ::1 at 2019-05-28 14:37:01 -0400
  [1m[35m (2.1ms)[0m  [1m[34mSELECT "schema_migrations"."version" FROM "schema_migrations" ORDER BY "schema_migrations"."version" ASC[0m
  ↳ /Users/ben/.rbenv/versions/2.5.1/lib/ruby/gems/2.5.0/gems/activerecord-5.2.3/lib/active_record/log_subscriber.rb:98

NameError - uninitialized constant StaticPagesController:

Started POST "/__better_errors/7e1e3d454cdf4497/variables" for ::1 at 2019-05-28 14:37:01 -0400
Started GET "/" for ::1 at 2019-05-28 14:38:39 -0400
Processing by StaticPagesController#root as HTML
  Rendering static_pages/root.html.erb within layouts/application
  Rendered static_pages/root.html.erb within layouts/application (1.5ms)
Completed 200 OK in 1859ms (Views: 1855.6ms | ActiveRecord: 0.0ms)


Started GET "/" for ::1 at 2019-05-28 14:43:52 -0400
Processing by StaticPagesController#root as HTML
  Rendering static_pages/root.html.erb within layouts/application
  Rendered static_pages/root.html.erb within layouts/application (0.4ms)
Completed 200 OK in 518ms (Views: 515.8ms | ActiveRecord: 0.0ms)


Started GET "/" for ::1 at 2019-05-28 14:45:09 -0400
Processing by StaticPagesController#root as HTML
  Rendering static_pages/root.html.erb within layouts/application
  Rendered static_pages/root.html.erb within layouts/application (0.3ms)
Completed 200 OK in 489ms (Views: 486.0ms | ActiveRecord: 0.0ms)


Started POST "/api/users" for ::1 at 2019-05-28 14:46:11 -0400
Processing by Api::UsersController#create as JSON
  Parameters: {"user"=>{"username"=>"admin", "email"=>"admin@gmail.com", "password"=>"[FILTERED]"}}
  [1m[35m (2.0ms)[0m  [1m[35mBEGIN[0m
  ↳ app/controllers/api/users_controller.rb:4
  [1m[36mUser Exists (10.4ms)[0m  [1m[34mSELECT  1 AS one FROM "users" WHERE "users"."username" = $1 LIMIT $2[0m  [["username", "admin"], ["LIMIT", 1]]
  ↳ app/controllers/api/users_controller.rb:4
  [1m[36mUser Exists (0.5ms)[0m  [1m[34mSELECT  1 AS one FROM "users" WHERE "users"."email" = $1 LIMIT $2[0m  [["email", "admin@gmail.com"], ["LIMIT", 1]]
  ↳ app/controllers/api/users_controller.rb:4
  [1m[36mUser Exists (0.2ms)[0m  [1m[34mSELECT  1 AS one FROM "users" WHERE "users"."password_digest" = $1 LIMIT $2[0m  [["password_digest", "$2a$10$pfCbTwPzHLDiRuUKINYIveOO3e6VOeD6TME8VF60RPSzFi9gOxr8."], ["LIMIT", 1]]
  ↳ app/controllers/api/users_controller.rb:4
  [1m[36mUser Exists (0.2ms)[0m  [1m[34mSELECT  1 AS one FROM "users" WHERE "users"."session_token" = $1 LIMIT $2[0m  [["session_token", "ENL5MpfAyJszs9mEqcU2dA"], ["LIMIT", 1]]
  ↳ app/controllers/api/users_controller.rb:4
  [1m[36mUser Create (13.6ms)[0m  [1m[32mINSERT INTO "users" ("username", "email", "password_digest", "session_token", "created_at", "updated_at") VALUES ($1, $2, $3, $4, $5, $6) RETURNING "id"[0m  [["username", "admin"], ["email", "admin@gmail.com"], ["password_digest", "$2a$10$pfCbTwPzHLDiRuUKINYIveOO3e6VOeD6TME8VF60RPSzFi9gOxr8."], ["session_token", "ENL5MpfAyJszs9mEqcU2dA"], ["created_at", "2019-05-28 18:46:12.028075"], ["updated_at", "2019-05-28 18:46:12.028075"]]
  ↳ app/controllers/api/users_controller.rb:4
  [1m[35m (1.1ms)[0m  [1m[35mCOMMIT[0m
  ↳ app/controllers/api/users_controller.rb:4
  [1m[35m (0.2ms)[0m  [1m[35mBEGIN[0m
  ↳ app/models/user.rb:32
  [1m[36mUser Exists (1.9ms)[0m  [1m[34mSELECT  1 AS one FROM "users" WHERE "users"."username" = $1 AND "users"."id" != $2 LIMIT $3[0m  [["username", "admin"], ["id", 1], ["LIMIT", 1]]
  ↳ app/models/user.rb:32
  [1m[36mUser Exists (0.5ms)[0m  [1m[34mSELECT  1 AS one FROM "users" WHERE "users"."email" = $1 AND "users"."id" != $2 LIMIT $3[0m  [["email", "admin@gmail.com"], ["id", 1], ["LIMIT", 1]]
  ↳ app/models/user.rb:32
  [1m[36mUser Exists (0.2ms)[0m  [1m[34mSELECT  1 AS one FROM "users" WHERE "users"."password_digest" = $1 AND "users"."id" != $2 LIMIT $3[0m  [["password_digest", "$2a$10$pfCbTwPzHLDiRuUKINYIveOO3e6VOeD6TME8VF60RPSzFi9gOxr8."], ["id", 1], ["LIMIT", 1]]
  ↳ app/models/user.rb:32
  [1m[36mUser Exists (0.3ms)[0m  [1m[34mSELECT  1 AS one FROM "users" WHERE "users"."session_token" = $1 AND "users"."id" != $2 LIMIT $3[0m  [["session_token", "bUpE24H7ZEghCQkryFJelw"], ["id", 1], ["LIMIT", 1]]
  ↳ app/models/user.rb:32
  [1m[36mUser Update (2.6ms)[0m  [1m[33mUPDATE "users" SET "session_token" = $1, "updated_at" = $2 WHERE "users"."id" = $3[0m  [["session_token", "bUpE24H7ZEghCQkryFJelw"], ["updated_at", "2019-05-28 18:46:12.051211"], ["id", 1]]
  ↳ app/models/user.rb:32
  [1m[35m (0.3ms)[0m  [1m[35mCOMMIT[0m
  ↳ app/models/user.rb:32
  Rendering api/users/show.json.jbuilder
  Rendered api/users/show.json.jbuilder (0.4ms)
Completed 200 OK in 138ms (Views: 6.4ms | ActiveRecord: 54.7ms)


  [1m[36mUser Load (2.4ms)[0m  [1m[34mSELECT "users".* FROM "users"[0m
Started POST "/api/session" for ::1 at 2019-05-28 14:47:15 -0400
Processing by Api::SessionsController#create as JSON
  Parameters: {"user"=>{"username"=>"admin", "email"=>"admin@gmail.com", "password"=>"[FILTERED]"}}
  [1m[36mUser Load (0.3ms)[0m  [1m[34mSELECT  "users".* FROM "users" WHERE "users"."username" = $1 LIMIT $2[0m  [["username", "admin"], ["LIMIT", 1]]
  ↳ app/models/user.rb:9
  [1m[35m (0.2ms)[0m  [1m[35mBEGIN[0m
  ↳ app/models/user.rb:32
  [1m[36mUser Exists (0.3ms)[0m  [1m[34mSELECT  1 AS one FROM "users" WHERE "users"."username" = $1 AND "users"."id" != $2 LIMIT $3[0m  [["username", "admin"], ["id", 1], ["LIMIT", 1]]
  ↳ app/models/user.rb:32
  [1m[36mUser Exists (0.5ms)[0m  [1m[34mSELECT  1 AS one FROM "users" WHERE "users"."email" = $1 AND "users"."id" != $2 LIMIT $3[0m  [["email", "admin@gmail.com"], ["id", 1], ["LIMIT", 1]]
  ↳ app/models/user.rb:32
  [1m[36mUser Exists (0.3ms)[0m  [1m[34mSELECT  1 AS one FROM "users" WHERE "users"."password_digest" = $1 AND "users"."id" != $2 LIMIT $3[0m  [["password_digest", "$2a$10$pfCbTwPzHLDiRuUKINYIveOO3e6VOeD6TME8VF60RPSzFi9gOxr8."], ["id", 1], ["LIMIT", 1]]
  ↳ app/models/user.rb:32
  [1m[36mUser Exists (0.2ms)[0m  [1m[34mSELECT  1 AS one FROM "users" WHERE "users"."session_token" = $1 AND "users"."id" != $2 LIMIT $3[0m  [["session_token", "O4CS5SrUImz69k7b0X9jJA"], ["id", 1], ["LIMIT", 1]]
  ↳ app/models/user.rb:32
  [1m[36mUser Update (0.3ms)[0m  [1m[33mUPDATE "users" SET "session_token" = $1, "updated_at" = $2 WHERE "users"."id" = $3[0m  [["session_token", "O4CS5SrUImz69k7b0X9jJA"], ["updated_at", "2019-05-28 18:47:15.738762"], ["id", 1]]
  ↳ app/models/user.rb:32
  [1m[35m (0.6ms)[0m  [1m[35mCOMMIT[0m
  ↳ app/models/user.rb:32
Completed 500 Internal Server Error in 71ms (ActiveRecord: 2.9ms)



ActionView::MissingTemplate - Missing template api/sessions/show, application/show with {:locale=>[:en], :formats=>[:json], :variants=>[], :handlers=>[:raw, :erb, :html, :builder, :ruby, :coffee, :jbuilder]}. Searched in:
  * "/Users/ben/Documents/Workspace/App Academy/greens/app/views"
:
  app/controllers/api/sessions_controller.rb:6:in `create'

Started GET "/" for ::1 at 2019-05-28 14:48:38 -0400
Processing by StaticPagesController#root as HTML
  Rendering static_pages/root.html.erb within layouts/application
  Rendered static_pages/root.html.erb within layouts/application (0.3ms)
Completed 200 OK in 29ms (Views: 27.0ms | ActiveRecord: 0.0ms)


Started POST "/api/session" for ::1 at 2019-05-28 14:48:44 -0400
Processing by Api::SessionsController#create as JSON
  Parameters: {"user"=>{"username"=>"admin", "email"=>"admin@gmail.com", "password"=>"[FILTERED]"}}
  [1m[36mUser Load (0.3ms)[0m  [1m[34mSELECT  "users".* FROM "users" WHERE "users"."username" = $1 LIMIT $2[0m  [["username", "admin"], ["LIMIT", 1]]
  ↳ app/models/user.rb:9
  [1m[35m (0.2ms)[0m  [1m[35mBEGIN[0m
  ↳ app/models/user.rb:32
  [1m[36mUser Exists (0.4ms)[0m  [1m[34mSELECT  1 AS one FROM "users" WHERE "users"."username" = $1 AND "users"."id" != $2 LIMIT $3[0m  [["username", "admin"], ["id", 1], ["LIMIT", 1]]
  ↳ app/models/user.rb:32
  [1m[36mUser Exists (0.3ms)[0m  [1m[34mSELECT  1 AS one FROM "users" WHERE "users"."email" = $1 AND "users"."id" != $2 LIMIT $3[0m  [["email", "admin@gmail.com"], ["id", 1], ["LIMIT", 1]]
  ↳ app/models/user.rb:32
  [1m[36mUser Exists (0.3ms)[0m  [1m[34mSELECT  1 AS one FROM "users" WHERE "users"."password_digest" = $1 AND "users"."id" != $2 LIMIT $3[0m  [["password_digest", "$2a$10$pfCbTwPzHLDiRuUKINYIveOO3e6VOeD6TME8VF60RPSzFi9gOxr8."], ["id", 1], ["LIMIT", 1]]
  ↳ app/models/user.rb:32
  [1m[36mUser Exists (0.3ms)[0m  [1m[34mSELECT  1 AS one FROM "users" WHERE "users"."session_token" = $1 AND "users"."id" != $2 LIMIT $3[0m  [["session_token", "fditUDlgU7v8Cl7meJf6Jg"], ["id", 1], ["LIMIT", 1]]
  ↳ app/models/user.rb:32
  [1m[36mUser Update (0.3ms)[0m  [1m[33mUPDATE "users" SET "session_token" = $1, "updated_at" = $2 WHERE "users"."id" = $3[0m  [["session_token", "fditUDlgU7v8Cl7meJf6Jg"], ["updated_at", "2019-05-28 18:48:44.295146"], ["id", 1]]
  ↳ app/models/user.rb:32
  [1m[35m (0.6ms)[0m  [1m[35mCOMMIT[0m
  ↳ app/models/user.rb:32
  Rendering api/users/show.json.jbuilder
  Rendered api/users/show.json.jbuilder (0.5ms)
Completed 200 OK in 91ms (Views: 6.4ms | ActiveRecord: 7.7ms)


Started DELETE "/api/session" for ::1 at 2019-05-28 14:48:53 -0400
Processing by Api::SessionsController#destroy as JSON
  [1m[36mUser Load (0.4ms)[0m  [1m[34mSELECT  "users".* FROM "users" WHERE "users"."session_token" = $1 LIMIT $2[0m  [["session_token", "fditUDlgU7v8Cl7meJf6Jg"], ["LIMIT", 1]]
  ↳ app/controllers/application_controller.rb:5
  [1m[35m (0.2ms)[0m  [1m[35mBEGIN[0m
  ↳ app/models/user.rb:32
  [1m[36mUser Exists (0.4ms)[0m  [1m[34mSELECT  1 AS one FROM "users" WHERE "users"."username" = $1 AND "users"."id" != $2 LIMIT $3[0m  [["username", "admin"], ["id", 1], ["LIMIT", 1]]
  ↳ app/models/user.rb:32
  [1m[36mUser Exists (0.3ms)[0m  [1m[34mSELECT  1 AS one FROM "users" WHERE "users"."email" = $1 AND "users"."id" != $2 LIMIT $3[0m  [["email", "admin@gmail.com"], ["id", 1], ["LIMIT", 1]]
  ↳ app/models/user.rb:32
  [1m[36mUser Exists (0.3ms)[0m  [1m[34mSELECT  1 AS one FROM "users" WHERE "users"."password_digest" = $1 AND "users"."id" != $2 LIMIT $3[0m  [["password_digest", "$2a$10$pfCbTwPzHLDiRuUKINYIveOO3e6VOeD6TME8VF60RPSzFi9gOxr8."], ["id", 1], ["LIMIT", 1]]
  ↳ app/models/user.rb:32
  [1m[36mUser Exists (0.3ms)[0m  [1m[34mSELECT  1 AS one FROM "users" WHERE "users"."session_token" = $1 AND "users"."id" != $2 LIMIT $3[0m  [["session_token", "0B2GhUspbbbC5iGHqI727Q"], ["id", 1], ["LIMIT", 1]]
  ↳ app/models/user.rb:32
  [1m[36mUser Update (0.3ms)[0m  [1m[33mUPDATE "users" SET "session_token" = $1, "updated_at" = $2 WHERE "users"."id" = $3[0m  [["session_token", "0B2GhUspbbbC5iGHqI727Q"], ["updated_at", "2019-05-28 18:48:53.605289"], ["id", 1]]
  ↳ app/models/user.rb:32
  [1m[35m (0.7ms)[0m  [1m[35mCOMMIT[0m
  ↳ app/models/user.rb:32
Completed 200 OK in 9ms (Views: 0.1ms | ActiveRecord: 2.8ms)


Started DELETE "/api/session" for ::1 at 2019-05-28 14:48:56 -0400
Processing by Api::SessionsController#destroy as JSON
  [1m[36mUser Load (0.4ms)[0m  [1m[34mSELECT  "users".* FROM "users" WHERE "users"."session_token" IS NULL LIMIT $1[0m  [["LIMIT", 1]]
  ↳ app/controllers/application_controller.rb:5
Completed 500 Internal Server Error in 5ms (ActiveRecord: 0.4ms)



NoMethodError - undefined method `reset_session_token!' for nil:NilClass:
  app/controllers/application_controller.rb:18:in `logout'
  app/controllers/api/sessions_controller.rb:13:in `destroy'

Started GET "/" for ::1 at 2019-05-28 15:52:15 -0400
Processing by StaticPagesController#root as HTML
  Rendering static_pages/root.html.erb within layouts/application
  Rendered static_pages/root.html.erb within layouts/application (0.6ms)
Completed 200 OK in 859ms (Views: 857.4ms | ActiveRecord: 0.0ms)


Started GET "/" for ::1 at 2019-05-28 17:06:20 -0400
  [1m[35m (3.5ms)[0m  [1m[34mSELECT "schema_migrations"."version" FROM "schema_migrations" ORDER BY "schema_migrations"."version" ASC[0m
  ↳ /Users/ben/.rbenv/versions/2.5.1/lib/ruby/gems/2.5.0/gems/activerecord-5.2.3/lib/active_record/log_subscriber.rb:98
Processing by StaticPagesController#root as HTML
  Rendering static_pages/root.html.erb within layouts/application
  Rendered static_pages/root.html.erb within layouts/application (1.1ms)
Completed 200 OK in 1829ms (Views: 1826.5ms | ActiveRecord: 0.0ms)


Started GET "/" for ::1 at 2019-05-28 17:42:19 -0400
  [1m[35m (2.5ms)[0m  [1m[34mSELECT "schema_migrations"."version" FROM "schema_migrations" ORDER BY "schema_migrations"."version" ASC[0m
  ↳ /Users/ben/.rbenv/versions/2.5.1/lib/ruby/gems/2.5.0/gems/activerecord-5.2.3/lib/active_record/log_subscriber.rb:98
Processing by StaticPagesController#root as HTML
  Rendering static_pages/root.html.erb within layouts/application
  Rendered static_pages/root.html.erb within layouts/application (1.3ms)
Completed 200 OK in 1841ms (Views: 1838.4ms | ActiveRecord: 0.0ms)


Started GET "/" for ::1 at 2019-05-28 17:43:00 -0400
Processing by StaticPagesController#root as HTML
  Rendering static_pages/root.html.erb within layouts/application
  Rendered static_pages/root.html.erb within layouts/application (0.4ms)
Completed 200 OK in 700ms (Views: 698.3ms | ActiveRecord: 0.0ms)


Started GET "/" for ::1 at 2019-05-28 17:47:01 -0400
Processing by StaticPagesController#root as HTML
  Rendering static_pages/root.html.erb within layouts/application
  Rendered static_pages/root.html.erb within layouts/application (0.3ms)
Completed 200 OK in 813ms (Views: 811.6ms | ActiveRecord: 0.0ms)


Started GET "/" for ::1 at 2019-05-28 17:47:31 -0400
Processing by StaticPagesController#root as HTML
  Rendering static_pages/root.html.erb within layouts/application
  Rendered static_pages/root.html.erb within layouts/application (0.4ms)
Completed 200 OK in 692ms (Views: 689.9ms | ActiveRecord: 0.0ms)


Started POST "/api/session" for ::1 at 2019-05-28 17:47:36 -0400
Processing by Api::SessionsController#create as JSON
  Parameters: {"user"=>{"username"=>"admin", "password"=>"[FILTERED]"}}
  [1m[36mUser Load (0.8ms)[0m  [1m[34mSELECT  "users".* FROM "users" WHERE "users"."username" = $1 LIMIT $2[0m  [["username", "admin"], ["LIMIT", 1]]
  ↳ app/models/user.rb:9
  [1m[35m (0.2ms)[0m  [1m[35mBEGIN[0m
  ↳ app/models/user.rb:32
  [1m[36mUser Exists (0.6ms)[0m  [1m[34mSELECT  1 AS one FROM "users" WHERE "users"."username" = $1 AND "users"."id" != $2 LIMIT $3[0m  [["username", "admin"], ["id", 1], ["LIMIT", 1]]
  ↳ app/models/user.rb:32
  [1m[36mUser Exists (0.3ms)[0m  [1m[34mSELECT  1 AS one FROM "users" WHERE "users"."email" = $1 AND "users"."id" != $2 LIMIT $3[0m  [["email", "admin@gmail.com"], ["id", 1], ["LIMIT", 1]]
  ↳ app/models/user.rb:32
  [1m[36mUser Exists (0.2ms)[0m  [1m[34mSELECT  1 AS one FROM "users" WHERE "users"."password_digest" = $1 AND "users"."id" != $2 LIMIT $3[0m  [["password_digest", "$2a$10$pfCbTwPzHLDiRuUKINYIveOO3e6VOeD6TME8VF60RPSzFi9gOxr8."], ["id", 1], ["LIMIT", 1]]
  ↳ app/models/user.rb:32
  [1m[36mUser Exists (0.2ms)[0m  [1m[34mSELECT  1 AS one FROM "users" WHERE "users"."session_token" = $1 AND "users"."id" != $2 LIMIT $3[0m  [["session_token", "soshGO6ZATxypO53Aix7lw"], ["id", 1], ["LIMIT", 1]]
  ↳ app/models/user.rb:32
  [1m[36mUser Update (0.6ms)[0m  [1m[33mUPDATE "users" SET "session_token" = $1, "updated_at" = $2 WHERE "users"."id" = $3[0m  [["session_token", "soshGO6ZATxypO53Aix7lw"], ["updated_at", "2019-05-28 21:47:36.799131"], ["id", 1]]
  ↳ app/models/user.rb:32
  [1m[35m (1.1ms)[0m  [1m[35mCOMMIT[0m
  ↳ app/models/user.rb:32
  Rendering api/users/show.json.jbuilder
  Rendered api/users/show.json.jbuilder (0.4ms)
Completed 200 OK in 90ms (Views: 7.0ms | ActiveRecord: 11.7ms)


Started GET "/" for ::1 at 2019-05-28 17:50:50 -0400
Processing by StaticPagesController#root as HTML
  Rendering static_pages/root.html.erb within layouts/application
  Rendered static_pages/root.html.erb within layouts/application (0.3ms)
Completed 200 OK in 716ms (Views: 714.3ms | ActiveRecord: 0.0ms)


Started POST "/api/session" for ::1 at 2019-05-28 17:51:04 -0400
Processing by Api::SessionsController#create as JSON
  Parameters: {"user"=>{"username"=>"admin", "password"=>"[FILTERED]"}}
  [1m[36mUser Load (0.6ms)[0m  [1m[34mSELECT  "users".* FROM "users" WHERE "users"."username" = $1 LIMIT $2[0m  [["username", "admin"], ["LIMIT", 1]]
  ↳ app/models/user.rb:9
  [1m[35m (0.2ms)[0m  [1m[35mBEGIN[0m
  ↳ app/models/user.rb:32
  [1m[36mUser Exists (0.3ms)[0m  [1m[34mSELECT  1 AS one FROM "users" WHERE "users"."username" = $1 AND "users"."id" != $2 LIMIT $3[0m  [["username", "admin"], ["id", 1], ["LIMIT", 1]]
  ↳ app/models/user.rb:32
  [1m[36mUser Exists (0.2ms)[0m  [1m[34mSELECT  1 AS one FROM "users" WHERE "users"."email" = $1 AND "users"."id" != $2 LIMIT $3[0m  [["email", "admin@gmail.com"], ["id", 1], ["LIMIT", 1]]
  ↳ app/models/user.rb:32
  [1m[36mUser Exists (0.2ms)[0m  [1m[34mSELECT  1 AS one FROM "users" WHERE "users"."password_digest" = $1 AND "users"."id" != $2 LIMIT $3[0m  [["password_digest", "$2a$10$pfCbTwPzHLDiRuUKINYIveOO3e6VOeD6TME8VF60RPSzFi9gOxr8."], ["id", 1], ["LIMIT", 1]]
  ↳ app/models/user.rb:32
  [1m[36mUser Exists (0.3ms)[0m  [1m[34mSELECT  1 AS one FROM "users" WHERE "users"."session_token" = $1 AND "users"."id" != $2 LIMIT $3[0m  [["session_token", "rU0hFjFsG3V8_bXgmebEVA"], ["id", 1], ["LIMIT", 1]]
  ↳ app/models/user.rb:32
  [1m[36mUser Update (0.3ms)[0m  [1m[33mUPDATE "users" SET "session_token" = $1, "updated_at" = $2 WHERE "users"."id" = $3[0m  [["session_token", "rU0hFjFsG3V8_bXgmebEVA"], ["updated_at", "2019-05-28 21:51:04.245812"], ["id", 1]]
  ↳ app/models/user.rb:32
  [1m[35m (0.6ms)[0m  [1m[35mCOMMIT[0m
  ↳ app/models/user.rb:32
  Rendering api/users/show.json.jbuilder
  Rendered api/users/show.json.jbuilder (0.4ms)
Completed 200 OK in 66ms (Views: 4.6ms | ActiveRecord: 2.6ms)


Started GET "/" for ::1 at 2019-05-28 17:51:58 -0400
Processing by StaticPagesController#root as HTML
  Rendering static_pages/root.html.erb within layouts/application
  Rendered static_pages/root.html.erb within layouts/application (0.3ms)
Completed 200 OK in 731ms (Views: 728.9ms | ActiveRecord: 0.0ms)


Started POST "/api/session" for ::1 at 2019-05-28 17:52:04 -0400
Processing by Api::SessionsController#create as JSON
  Parameters: {"user"=>{"username"=>"admin", "password"=>"[FILTERED]"}}
  [1m[36mUser Load (0.4ms)[0m  [1m[34mSELECT  "users".* FROM "users" WHERE "users"."username" = $1 LIMIT $2[0m  [["username", "admin"], ["LIMIT", 1]]
  ↳ app/models/user.rb:9
  [1m[35m (0.2ms)[0m  [1m[35mBEGIN[0m
  ↳ app/models/user.rb:32
  [1m[36mUser Exists (0.4ms)[0m  [1m[34mSELECT  1 AS one FROM "users" WHERE "users"."username" = $1 AND "users"."id" != $2 LIMIT $3[0m  [["username", "admin"], ["id", 1], ["LIMIT", 1]]
  ↳ app/models/user.rb:32
  [1m[36mUser Exists (0.3ms)[0m  [1m[34mSELECT  1 AS one FROM "users" WHERE "users"."email" = $1 AND "users"."id" != $2 LIMIT $3[0m  [["email", "admin@gmail.com"], ["id", 1], ["LIMIT", 1]]
  ↳ app/models/user.rb:32
  [1m[36mUser Exists (0.2ms)[0m  [1m[34mSELECT  1 AS one FROM "users" WHERE "users"."password_digest" = $1 AND "users"."id" != $2 LIMIT $3[0m  [["password_digest", "$2a$10$pfCbTwPzHLDiRuUKINYIveOO3e6VOeD6TME8VF60RPSzFi9gOxr8."], ["id", 1], ["LIMIT", 1]]
  ↳ app/models/user.rb:32
  [1m[36mUser Exists (0.2ms)[0m  [1m[34mSELECT  1 AS one FROM "users" WHERE "users"."session_token" = $1 AND "users"."id" != $2 LIMIT $3[0m  [["session_token", "Uvqj5B7jDMzGgfoClqQDng"], ["id", 1], ["LIMIT", 1]]
  ↳ app/models/user.rb:32
  [1m[36mUser Update (0.3ms)[0m  [1m[33mUPDATE "users" SET "session_token" = $1, "updated_at" = $2 WHERE "users"."id" = $3[0m  [["session_token", "Uvqj5B7jDMzGgfoClqQDng"], ["updated_at", "2019-05-28 21:52:04.634028"], ["id", 1]]
  ↳ app/models/user.rb:32
  [1m[35m (0.5ms)[0m  [1m[35mCOMMIT[0m
  ↳ app/models/user.rb:32
  Rendering api/users/show.json.jbuilder
  Rendered api/users/show.json.jbuilder (0.3ms)
Completed 200 OK in 68ms (Views: 5.7ms | ActiveRecord: 2.4ms)


Started GET "/" for ::1 at 2019-05-28 17:53:04 -0400
Processing by StaticPagesController#root as HTML
  Rendering static_pages/root.html.erb within layouts/application
  Rendered static_pages/root.html.erb within layouts/application (0.3ms)
Completed 200 OK in 762ms (Views: 760.8ms | ActiveRecord: 0.0ms)


Started POST "/api/session" for ::1 at 2019-05-28 17:53:09 -0400
Processing by Api::SessionsController#create as JSON
  Parameters: {"user"=>{"username"=>"admin", "password"=>"[FILTERED]"}}
  [1m[36mUser Load (0.3ms)[0m  [1m[34mSELECT  "users".* FROM "users" WHERE "users"."username" = $1 LIMIT $2[0m  [["username", "admin"], ["LIMIT", 1]]
  ↳ app/models/user.rb:9
  [1m[35m (0.2ms)[0m  [1m[35mBEGIN[0m
  ↳ app/models/user.rb:32
  [1m[36mUser Exists (0.4ms)[0m  [1m[34mSELECT  1 AS one FROM "users" WHERE "users"."username" = $1 AND "users"."id" != $2 LIMIT $3[0m  [["username", "admin"], ["id", 1], ["LIMIT", 1]]
  ↳ app/models/user.rb:32
  [1m[36mUser Exists (0.3ms)[0m  [1m[34mSELECT  1 AS one FROM "users" WHERE "users"."email" = $1 AND "users"."id" != $2 LIMIT $3[0m  [["email", "admin@gmail.com"], ["id", 1], ["LIMIT", 1]]
  ↳ app/models/user.rb:32
  [1m[36mUser Exists (0.4ms)[0m  [1m[34mSELECT  1 AS one FROM "users" WHERE "users"."password_digest" = $1 AND "users"."id" != $2 LIMIT $3[0m  [["password_digest", "$2a$10$pfCbTwPzHLDiRuUKINYIveOO3e6VOeD6TME8VF60RPSzFi9gOxr8."], ["id", 1], ["LIMIT", 1]]
  ↳ app/models/user.rb:32
  [1m[36mUser Exists (0.5ms)[0m  [1m[34mSELECT  1 AS one FROM "users" WHERE "users"."session_token" = $1 AND "users"."id" != $2 LIMIT $3[0m  [["session_token", "3yrDoYcC2_yq6ZMYC0RTlA"], ["id", 1], ["LIMIT", 1]]
  ↳ app/models/user.rb:32
  [1m[36mUser Update (0.4ms)[0m  [1m[33mUPDATE "users" SET "session_token" = $1, "updated_at" = $2 WHERE "users"."id" = $3[0m  [["session_token", "3yrDoYcC2_yq6ZMYC0RTlA"], ["updated_at", "2019-05-28 21:53:09.957883"], ["id", 1]]
  ↳ app/models/user.rb:32
  [1m[35m (0.7ms)[0m  [1m[35mCOMMIT[0m
  ↳ app/models/user.rb:32
  Rendering api/users/show.json.jbuilder
  Rendered api/users/show.json.jbuilder (0.3ms)
Completed 200 OK in 67ms (Views: 4.4ms | ActiveRecord: 3.2ms)


Started GET "/" for ::1 at 2019-05-28 17:53:46 -0400
Processing by StaticPagesController#root as HTML
  Rendering static_pages/root.html.erb within layouts/application
  Rendered static_pages/root.html.erb within layouts/application (0.3ms)
Completed 200 OK in 720ms (Views: 718.4ms | ActiveRecord: 0.0ms)


Started POST "/api/session" for ::1 at 2019-05-28 17:53:55 -0400
Processing by Api::SessionsController#create as JSON
  Parameters: {"user"=>{"username"=>"admin", "password"=>"[FILTERED]"}}
  [1m[36mUser Load (0.4ms)[0m  [1m[34mSELECT  "users".* FROM "users" WHERE "users"."username" = $1 LIMIT $2[0m  [["username", "admin"], ["LIMIT", 1]]
  ↳ app/models/user.rb:9
  [1m[35m (0.2ms)[0m  [1m[35mBEGIN[0m
  ↳ app/models/user.rb:32
  [1m[36mUser Exists (0.4ms)[0m  [1m[34mSELECT  1 AS one FROM "users" WHERE "users"."username" = $1 AND "users"."id" != $2 LIMIT $3[0m  [["username", "admin"], ["id", 1], ["LIMIT", 1]]
  ↳ app/models/user.rb:32
  [1m[36mUser Exists (0.3ms)[0m  [1m[34mSELECT  1 AS one FROM "users" WHERE "users"."email" = $1 AND "users"."id" != $2 LIMIT $3[0m  [["email", "admin@gmail.com"], ["id", 1], ["LIMIT", 1]]
  ↳ app/models/user.rb:32
  [1m[36mUser Exists (0.2ms)[0m  [1m[34mSELECT  1 AS one FROM "users" WHERE "users"."password_digest" = $1 AND "users"."id" != $2 LIMIT $3[0m  [["password_digest", "$2a$10$pfCbTwPzHLDiRuUKINYIveOO3e6VOeD6TME8VF60RPSzFi9gOxr8."], ["id", 1], ["LIMIT", 1]]
  ↳ app/models/user.rb:32
  [1m[36mUser Exists (0.2ms)[0m  [1m[34mSELECT  1 AS one FROM "users" WHERE "users"."session_token" = $1 AND "users"."id" != $2 LIMIT $3[0m  [["session_token", "CZOtsPWI8J_WzsSg45ls9A"], ["id", 1], ["LIMIT", 1]]
  ↳ app/models/user.rb:32
  [1m[36mUser Update (0.2ms)[0m  [1m[33mUPDATE "users" SET "session_token" = $1, "updated_at" = $2 WHERE "users"."id" = $3[0m  [["session_token", "CZOtsPWI8J_WzsSg45ls9A"], ["updated_at", "2019-05-28 21:53:55.791899"], ["id", 1]]
  ↳ app/models/user.rb:32
  [1m[35m (0.9ms)[0m  [1m[35mCOMMIT[0m
  ↳ app/models/user.rb:32
  Rendering api/users/show.json.jbuilder
  Rendered api/users/show.json.jbuilder (0.5ms)
Completed 200 OK in 69ms (Views: 7.1ms | ActiveRecord: 2.9ms)


Started GET "/" for ::1 at 2019-05-28 17:55:06 -0400
Processing by StaticPagesController#root as HTML
  Rendering static_pages/root.html.erb within layouts/application
  Rendered static_pages/root.html.erb within layouts/application (0.4ms)
Completed 200 OK in 711ms (Views: 707.9ms | ActiveRecord: 0.0ms)


Started POST "/api/session" for ::1 at 2019-05-28 17:58:32 -0400
Processing by Api::SessionsController#create as JSON
  Parameters: {"user"=>{"username"=>"admin", "password"=>"[FILTERED]"}}
  [1m[36mUser Load (0.4ms)[0m  [1m[34mSELECT  "users".* FROM "users" WHERE "users"."username" = $1 LIMIT $2[0m  [["username", "admin"], ["LIMIT", 1]]
  ↳ app/models/user.rb:9
Completed 200 OK in 56ms (Views: 0.2ms | ActiveRecord: 0.4ms)


Started GET "/" for ::1 at 2019-05-28 17:59:50 -0400
Processing by StaticPagesController#root as HTML
  Rendering static_pages/root.html.erb within layouts/application
  Rendered static_pages/root.html.erb within layouts/application (0.3ms)
Completed 200 OK in 762ms (Views: 759.7ms | ActiveRecord: 0.0ms)


Started POST "/api/session" for ::1 at 2019-05-28 17:59:55 -0400
Processing by Api::SessionsController#create as JSON
  Parameters: {"user"=>{"username"=>"admin", "password"=>"[FILTERED]"}}
  [1m[36mUser Load (0.2ms)[0m  [1m[34mSELECT  "users".* FROM "users" WHERE "users"."username" = $1 LIMIT $2[0m  [["username", "admin"], ["LIMIT", 1]]
  ↳ app/models/user.rb:9
Completed 200 OK in 55ms (Views: 0.2ms | ActiveRecord: 0.2ms)


Started GET "/" for ::1 at 2019-05-28 18:01:42 -0400
Processing by StaticPagesController#root as HTML
  Rendering static_pages/root.html.erb within layouts/application
  Rendered static_pages/root.html.erb within layouts/application (0.3ms)
Completed 200 OK in 23ms (Views: 20.9ms | ActiveRecord: 0.0ms)


Started POST "/api/session" for ::1 at 2019-05-28 18:01:47 -0400
Processing by Api::SessionsController#create as JSON
  Parameters: {"user"=>{"username"=>"admin", "password"=>"[FILTERED]"}}
  [1m[36mUser Load (0.2ms)[0m  [1m[34mSELECT  "users".* FROM "users" WHERE "users"."username" = $1 LIMIT $2[0m  [["username", "admin"], ["LIMIT", 1]]
  ↳ app/models/user.rb:9
Completed 401 Unauthorized in 68ms (Views: 0.2ms | ActiveRecord: 5.6ms)


Started GET "/" for ::1 at 2019-05-28 18:02:59 -0400
Processing by StaticPagesController#root as HTML
  Rendering static_pages/root.html.erb within layouts/application
  Rendered static_pages/root.html.erb within layouts/application (0.3ms)
Completed 200 OK in 764ms (Views: 762.4ms | ActiveRecord: 0.0ms)


Started POST "/api/session" for ::1 at 2019-05-28 18:03:06 -0400
Processing by Api::SessionsController#create as JSON
  Parameters: {"user"=>{"username"=>"admin", "password"=>"[FILTERED]"}}
  [1m[36mUser Load (0.2ms)[0m  [1m[34mSELECT  "users".* FROM "users" WHERE "users"."username" = $1 LIMIT $2[0m  [["username", "admin"], ["LIMIT", 1]]
  ↳ app/models/user.rb:9
Completed 401 Unauthorized in 56ms (Views: 0.2ms | ActiveRecord: 0.2ms)


Started GET "/" for ::1 at 2019-05-28 18:07:18 -0400
Processing by StaticPagesController#root as HTML
  Rendering static_pages/root.html.erb within layouts/application
  Rendered static_pages/root.html.erb within layouts/application (0.3ms)
Completed 200 OK in 706ms (Views: 704.1ms | ActiveRecord: 0.0ms)


Started POST "/api/session" for ::1 at 2019-05-28 18:07:23 -0400
Processing by Api::SessionsController#create as JSON
  Parameters: {"user"=>{"username"=>"admin", "password"=>"[FILTERED]"}}
  [1m[36mUser Load (0.2ms)[0m  [1m[34mSELECT  "users".* FROM "users" WHERE "users"."username" = $1 LIMIT $2[0m  [["username", "admin"], ["LIMIT", 1]]
  ↳ app/models/user.rb:9
Completed 401 Unauthorized in 55ms (Views: 0.2ms | ActiveRecord: 0.2ms)


Started POST "/api/session" for ::1 at 2019-05-28 18:07:33 -0400
Processing by Api::SessionsController#create as JSON
  Parameters: {"user"=>{"username"=>"adminn", "password"=>"[FILTERED]"}}
  [1m[36mUser Load (0.6ms)[0m  [1m[34mSELECT  "users".* FROM "users" WHERE "users"."username" = $1 LIMIT $2[0m  [["username", "adminn"], ["LIMIT", 1]]
  ↳ app/models/user.rb:9
  [1m[36mUser Load (0.3ms)[0m  [1m[34mSELECT  "users".* FROM "users" WHERE "users"."email" = $1 LIMIT $2[0m  [["email", "adminn"], ["LIMIT", 1]]
  ↳ app/models/user.rb:9
Completed 401 Unauthorized in 3ms (Views: 0.1ms | ActiveRecord: 0.8ms)


Started POST "/api/session" for ::1 at 2019-05-28 18:07:52 -0400
Processing by Api::SessionsController#create as JSON
  Parameters: {"user"=>{"username"=>"adminn", "password"=>"[FILTERED]"}}
  [1m[36mUser Load (0.3ms)[0m  [1m[34mSELECT  "users".* FROM "users" WHERE "users"."username" = $1 LIMIT $2[0m  [["username", "adminn"], ["LIMIT", 1]]
  ↳ app/models/user.rb:9
  [1m[36mUser Load (0.4ms)[0m  [1m[34mSELECT  "users".* FROM "users" WHERE "users"."email" = $1 LIMIT $2[0m  [["email", "adminn"], ["LIMIT", 1]]
  ↳ app/models/user.rb:9
Completed 401 Unauthorized in 2ms (Views: 0.2ms | ActiveRecord: 0.7ms)


Started GET "/" for ::1 at 2019-05-28 18:08:19 -0400
Processing by StaticPagesController#root as HTML
  Rendering static_pages/root.html.erb within layouts/application
  Rendered static_pages/root.html.erb within layouts/application (0.5ms)
Completed 200 OK in 693ms (Views: 691.4ms | ActiveRecord: 0.0ms)


Started GET "/" for ::1 at 2019-05-28 18:08:54 -0400
Processing by StaticPagesController#root as HTML
  Rendering static_pages/root.html.erb within layouts/application
  Rendered static_pages/root.html.erb within layouts/application (0.4ms)
Completed 200 OK in 711ms (Views: 708.8ms | ActiveRecord: 0.0ms)


Started POST "/api/session" for ::1 at 2019-05-28 18:08:59 -0400
Processing by Api::SessionsController#create as JSON
  Parameters: {"user"=>{"username"=>"admin", "password"=>"[FILTERED]"}}
  [1m[36mUser Load (0.2ms)[0m  [1m[34mSELECT  "users".* FROM "users" WHERE "users"."username" = $1 LIMIT $2[0m  [["username", "admin"], ["LIMIT", 1]]
  ↳ app/models/user.rb:9
Completed 401 Unauthorized in 56ms (Views: 0.2ms | ActiveRecord: 0.2ms)


Started POST "/api/session" for ::1 at 2019-05-28 18:09:03 -0400
Processing by Api::SessionsController#create as JSON
  Parameters: {"user"=>{"username"=>"adminnn", "password"=>"[FILTERED]"}}
  [1m[36mUser Load (0.4ms)[0m  [1m[34mSELECT  "users".* FROM "users" WHERE "users"."username" = $1 LIMIT $2[0m  [["username", "adminnn"], ["LIMIT", 1]]
  ↳ app/models/user.rb:9
  [1m[36mUser Load (0.7ms)[0m  [1m[34mSELECT  "users".* FROM "users" WHERE "users"."email" = $1 LIMIT $2[0m  [["email", "adminnn"], ["LIMIT", 1]]
  ↳ app/models/user.rb:9
Completed 401 Unauthorized in 7ms (Views: 0.3ms | ActiveRecord: 1.2ms)


Started POST "/api/session" for ::1 at 2019-05-28 18:09:03 -0400
Processing by Api::SessionsController#create as JSON
  Parameters: {"user"=>{"username"=>"adminnn", "password"=>"[FILTERED]"}}
  [1m[36mUser Load (0.2ms)[0m  [1m[34mSELECT  "users".* FROM "users" WHERE "users"."username" = $1 LIMIT $2[0m  [["username", "adminnn"], ["LIMIT", 1]]
  ↳ app/models/user.rb:9
  [1m[36mUser Load (0.3ms)[0m  [1m[34mSELECT  "users".* FROM "users" WHERE "users"."email" = $1 LIMIT $2[0m  [["email", "adminnn"], ["LIMIT", 1]]
  ↳ app/models/user.rb:9
Completed 401 Unauthorized in 2ms (Views: 0.1ms | ActiveRecord: 0.5ms)


Started POST "/api/session" for ::1 at 2019-05-28 18:09:03 -0400
Processing by Api::SessionsController#create as JSON
  Parameters: {"user"=>{"username"=>"adminnn", "password"=>"[FILTERED]"}}
  [1m[36mUser Load (0.2ms)[0m  [1m[34mSELECT  "users".* FROM "users" WHERE "users"."username" = $1 LIMIT $2[0m  [["username", "adminnn"], ["LIMIT", 1]]
  ↳ app/models/user.rb:9
  [1m[36mUser Load (0.3ms)[0m  [1m[34mSELECT  "users".* FROM "users" WHERE "users"."email" = $1 LIMIT $2[0m  [["email", "adminnn"], ["LIMIT", 1]]
  ↳ app/models/user.rb:9
Completed 401 Unauthorized in 3ms (Views: 0.1ms | ActiveRecord: 0.5ms)


Started POST "/api/session" for ::1 at 2019-05-28 18:09:04 -0400
Processing by Api::SessionsController#create as JSON
  Parameters: {"user"=>{"username"=>"adminnn", "password"=>"[FILTERED]"}}
  [1m[36mUser Load (0.3ms)[0m  [1m[34mSELECT  "users".* FROM "users" WHERE "users"."username" = $1 LIMIT $2[0m  [["username", "adminnn"], ["LIMIT", 1]]
  ↳ app/models/user.rb:9
  [1m[36mUser Load (0.3ms)[0m  [1m[34mSELECT  "users".* FROM "users" WHERE "users"."email" = $1 LIMIT $2[0m  [["email", "adminnn"], ["LIMIT", 1]]
  ↳ app/models/user.rb:9
Completed 401 Unauthorized in 2ms (Views: 0.2ms | ActiveRecord: 0.6ms)


Started POST "/api/session" for ::1 at 2019-05-28 18:09:04 -0400
Processing by Api::SessionsController#create as JSON
  Parameters: {"user"=>{"username"=>"adminnn", "password"=>"[FILTERED]"}}
  [1m[36mUser Load (0.2ms)[0m  [1m[34mSELECT  "users".* FROM "users" WHERE "users"."username" = $1 LIMIT $2[0m  [["username", "adminnn"], ["LIMIT", 1]]
  ↳ app/models/user.rb:9
  [1m[36mUser Load (0.1ms)[0m  [1m[34mSELECT  "users".* FROM "users" WHERE "users"."email" = $1 LIMIT $2[0m  [["email", "adminnn"], ["LIMIT", 1]]
  ↳ app/models/user.rb:9
Completed 401 Unauthorized in 2ms (Views: 0.1ms | ActiveRecord: 0.4ms)


Started POST "/api/session" for ::1 at 2019-05-28 18:09:04 -0400
Processing by Api::SessionsController#create as JSON
  Parameters: {"user"=>{"username"=>"adminnn", "password"=>"[FILTERED]"}}
  [1m[36mUser Load (0.2ms)[0m  [1m[34mSELECT  "users".* FROM "users" WHERE "users"."username" = $1 LIMIT $2[0m  [["username", "adminnn"], ["LIMIT", 1]]
  ↳ app/models/user.rb:9
  [1m[36mUser Load (0.2ms)[0m  [1m[34mSELECT  "users".* FROM "users" WHERE "users"."email" = $1 LIMIT $2[0m  [["email", "adminnn"], ["LIMIT", 1]]
  ↳ app/models/user.rb:9
Completed 401 Unauthorized in 2ms (Views: 0.1ms | ActiveRecord: 0.3ms)


Started POST "/api/session" for ::1 at 2019-05-28 18:09:04 -0400
Processing by Api::SessionsController#create as JSON
  Parameters: {"user"=>{"username"=>"adminnn", "password"=>"[FILTERED]"}}
  [1m[36mUser Load (0.2ms)[0m  [1m[34mSELECT  "users".* FROM "users" WHERE "users"."username" = $1 LIMIT $2[0m  [["username", "adminnn"], ["LIMIT", 1]]
  ↳ app/models/user.rb:9
  [1m[36mUser Load (0.2ms)[0m  [1m[34mSELECT  "users".* FROM "users" WHERE "users"."email" = $1 LIMIT $2[0m  [["email", "adminnn"], ["LIMIT", 1]]
  ↳ app/models/user.rb:9
Completed 401 Unauthorized in 2ms (Views: 0.1ms | ActiveRecord: 0.4ms)


Started POST "/api/session" for ::1 at 2019-05-28 18:23:56 -0400
Processing by Api::SessionsController#create as JSON
  Parameters: {"user"=>{"username"=>"", "password"=>"[FILTERED]"}}
  [1m[36mUser Load (0.7ms)[0m  [1m[34mSELECT  "users".* FROM "users" WHERE "users"."username" = $1 LIMIT $2[0m  [["username", ""], ["LIMIT", 1]]
  ↳ app/models/user.rb:9
  [1m[36mUser Load (0.3ms)[0m  [1m[34mSELECT  "users".* FROM "users" WHERE "users"."email" = $1 LIMIT $2[0m  [["email", ""], ["LIMIT", 1]]
  ↳ app/models/user.rb:9
Completed 401 Unauthorized in 4ms (Views: 0.1ms | ActiveRecord: 1.2ms)


Started POST "/api/session" for ::1 at 2019-05-28 18:23:58 -0400
Processing by Api::SessionsController#create as JSON
  Parameters: {"user"=>{"username"=>"", "password"=>"[FILTERED]"}}
  [1m[36mUser Load (0.4ms)[0m  [1m[34mSELECT  "users".* FROM "users" WHERE "users"."username" = $1 LIMIT $2[0m  [["username", ""], ["LIMIT", 1]]
  ↳ app/models/user.rb:9
  [1m[36mUser Load (0.3ms)[0m  [1m[34mSELECT  "users".* FROM "users" WHERE "users"."email" = $1 LIMIT $2[0m  [["email", ""], ["LIMIT", 1]]
  ↳ app/models/user.rb:9
Completed 401 Unauthorized in 2ms (Views: 0.2ms | ActiveRecord: 0.7ms)


Started GET "/" for ::1 at 2019-05-28 18:24:00 -0400
Processing by StaticPagesController#root as HTML
  Rendering static_pages/root.html.erb within layouts/application
  Rendered static_pages/root.html.erb within layouts/application (0.3ms)
Completed 200 OK in 802ms (Views: 800.0ms | ActiveRecord: 0.0ms)


Started GET "/" for ::1 at 2019-05-28 18:36:22 -0400
Processing by StaticPagesController#root as HTML
  Rendering static_pages/root.html.erb within layouts/application
  Rendered static_pages/root.html.erb within layouts/application (0.3ms)
Completed 200 OK in 32ms (Views: 30.0ms | ActiveRecord: 0.0ms)


Started POST "/api/session" for ::1 at 2019-05-28 18:36:34 -0400
Processing by Api::SessionsController#create as JSON
  Parameters: {"user"=>{"username"=>"", "password"=>"[FILTERED]"}}
  [1m[36mUser Load (0.9ms)[0m  [1m[34mSELECT  "users".* FROM "users" WHERE "users"."username" = $1 LIMIT $2[0m  [["username", ""], ["LIMIT", 1]]
  ↳ app/models/user.rb:9
  [1m[36mUser Load (0.3ms)[0m  [1m[34mSELECT  "users".* FROM "users" WHERE "users"."email" = $1 LIMIT $2[0m  [["email", ""], ["LIMIT", 1]]
  ↳ app/models/user.rb:9
Completed 200 OK in 19ms (Views: 0.2ms | ActiveRecord: 8.8ms)


Started POST "/api/session" for ::1 at 2019-05-28 18:36:35 -0400
Processing by Api::SessionsController#create as JSON
  Parameters: {"user"=>{"username"=>"", "password"=>"[FILTERED]"}}
  [1m[36mUser Load (0.3ms)[0m  [1m[34mSELECT  "users".* FROM "users" WHERE "users"."username" = $1 LIMIT $2[0m  [["username", ""], ["LIMIT", 1]]
  ↳ app/models/user.rb:9
  [1m[36mUser Load (0.3ms)[0m  [1m[34mSELECT  "users".* FROM "users" WHERE "users"."email" = $1 LIMIT $2[0m  [["email", ""], ["LIMIT", 1]]
  ↳ app/models/user.rb:9
Completed 200 OK in 2ms (Views: 0.1ms | ActiveRecord: 0.6ms)


Started GET "/" for ::1 at 2019-05-28 18:37:02 -0400
Processing by StaticPagesController#root as HTML
  Rendering static_pages/root.html.erb within layouts/application
  Rendered static_pages/root.html.erb within layouts/application (0.3ms)
Completed 200 OK in 17ms (Views: 15.0ms | ActiveRecord: 0.0ms)


Started POST "/api/session" for ::1 at 2019-05-28 18:37:05 -0400
Processing by Api::SessionsController#create as JSON
  Parameters: {"user"=>{"username"=>"", "password"=>"[FILTERED]"}}
  [1m[36mUser Load (0.4ms)[0m  [1m[34mSELECT  "users".* FROM "users" WHERE "users"."username" = $1 LIMIT $2[0m  [["username", ""], ["LIMIT", 1]]
  ↳ app/models/user.rb:9
  [1m[36mUser Load (0.4ms)[0m  [1m[34mSELECT  "users".* FROM "users" WHERE "users"."email" = $1 LIMIT $2[0m  [["email", ""], ["LIMIT", 1]]
  ↳ app/models/user.rb:9
Completed 401 Unauthorized in 7ms (Views: 0.2ms | ActiveRecord: 2.5ms)


Started GET "/" for ::1 at 2019-05-28 18:38:23 -0400
Processing by StaticPagesController#root as HTML
  Rendering static_pages/root.html.erb within layouts/application
  Rendered static_pages/root.html.erb within layouts/application (0.3ms)
Completed 200 OK in 730ms (Views: 727.1ms | ActiveRecord: 0.0ms)


Started POST "/api/session" for ::1 at 2019-05-28 18:38:24 -0400
Processing by Api::SessionsController#create as JSON
  Parameters: {"user"=>{"username"=>"", "password"=>"[FILTERED]"}}
  [1m[36mUser Load (0.4ms)[0m  [1m[34mSELECT  "users".* FROM "users" WHERE "users"."username" = $1 LIMIT $2[0m  [["username", ""], ["LIMIT", 1]]
  ↳ app/models/user.rb:9
  [1m[36mUser Load (0.3ms)[0m  [1m[34mSELECT  "users".* FROM "users" WHERE "users"."email" = $1 LIMIT $2[0m  [["email", ""], ["LIMIT", 1]]
  ↳ app/models/user.rb:9
Completed 401 Unauthorized in 3ms (Views: 0.1ms | ActiveRecord: 0.7ms)


Started POST "/api/session" for ::1 at 2019-05-28 18:38:30 -0400
Processing by Api::SessionsController#create as JSON
  Parameters: {"user"=>{"username"=>"", "password"=>"[FILTERED]"}}
  [1m[36mUser Load (0.4ms)[0m  [1m[34mSELECT  "users".* FROM "users" WHERE "users"."username" = $1 LIMIT $2[0m  [["username", ""], ["LIMIT", 1]]
  ↳ app/models/user.rb:9
  [1m[36mUser Load (0.3ms)[0m  [1m[34mSELECT  "users".* FROM "users" WHERE "users"."email" = $1 LIMIT $2[0m  [["email", ""], ["LIMIT", 1]]
  ↳ app/models/user.rb:9
Completed 401 Unauthorized in 3ms (Views: 0.2ms | ActiveRecord: 0.7ms)


Started POST "/api/session" for ::1 at 2019-05-28 18:38:33 -0400
Processing by Api::SessionsController#create as JSON
  Parameters: {"user"=>{"username"=>"sfadf", "password"=>"[FILTERED]"}}
  [1m[36mUser Load (0.4ms)[0m  [1m[34mSELECT  "users".* FROM "users" WHERE "users"."username" = $1 LIMIT $2[0m  [["username", "sfadf"], ["LIMIT", 1]]
  ↳ app/models/user.rb:9
  [1m[36mUser Load (0.2ms)[0m  [1m[34mSELECT  "users".* FROM "users" WHERE "users"."email" = $1 LIMIT $2[0m  [["email", "sfadf"], ["LIMIT", 1]]
  ↳ app/models/user.rb:9
Completed 401 Unauthorized in 2ms (Views: 0.1ms | ActiveRecord: 0.7ms)


Started POST "/api/session" for ::1 at 2019-05-28 18:38:38 -0400
Processing by Api::SessionsController#create as JSON
  Parameters: {"user"=>{"username"=>"sfadf", "password"=>"[FILTERED]"}}
  [1m[36mUser Load (0.2ms)[0m  [1m[34mSELECT  "users".* FROM "users" WHERE "users"."username" = $1 LIMIT $2[0m  [["username", "sfadf"], ["LIMIT", 1]]
  ↳ app/models/user.rb:9
  [1m[36mUser Load (0.2ms)[0m  [1m[34mSELECT  "users".* FROM "users" WHERE "users"."email" = $1 LIMIT $2[0m  [["email", "sfadf"], ["LIMIT", 1]]
  ↳ app/models/user.rb:9
Completed 401 Unauthorized in 2ms (Views: 0.1ms | ActiveRecord: 0.4ms)


Started GET "/" for ::1 at 2019-05-28 18:42:50 -0400
Processing by StaticPagesController#root as HTML
  Rendering static_pages/root.html.erb within layouts/application
  Rendered static_pages/root.html.erb within layouts/application (0.3ms)
Completed 200 OK in 23ms (Views: 21.2ms | ActiveRecord: 0.0ms)


Started GET "/" for ::1 at 2019-05-28 18:43:21 -0400
Processing by StaticPagesController#root as HTML
  Rendering static_pages/root.html.erb within layouts/application
  Rendered static_pages/root.html.erb within layouts/application (0.4ms)
Completed 200 OK in 702ms (Views: 700.5ms | ActiveRecord: 0.0ms)


Started GET "/" for ::1 at 2019-05-28 18:46:44 -0400
Processing by StaticPagesController#root as HTML
  Rendering static_pages/root.html.erb within layouts/application
  Rendered static_pages/root.html.erb within layouts/application (0.6ms)
Completed 200 OK in 727ms (Views: 723.1ms | ActiveRecord: 0.0ms)


Started POST "/api/users" for ::1 at 2019-05-28 18:46:48 -0400
Processing by Api::UsersController#create as JSON
  Parameters: {"user"=>{"fname"=>"", "lname"=>"", "username"=>"", "email"=>"", "password"=>"[FILTERED]"}}
Unpermitted parameters: :fname, :lname
  [1m[35m (0.2ms)[0m  [1m[35mBEGIN[0m
  ↳ app/controllers/api/users_controller.rb:4
  [1m[36mUser Exists (0.5ms)[0m  [1m[34mSELECT  1 AS one FROM "users" WHERE "users"."username" = $1 LIMIT $2[0m  [["username", ""], ["LIMIT", 1]]
  ↳ app/controllers/api/users_controller.rb:4
  [1m[36mUser Exists (0.4ms)[0m  [1m[34mSELECT  1 AS one FROM "users" WHERE "users"."email" = $1 LIMIT $2[0m  [["email", ""], ["LIMIT", 1]]
  ↳ app/controllers/api/users_controller.rb:4
  [1m[36mUser Exists (0.4ms)[0m  [1m[34mSELECT  1 AS one FROM "users" WHERE "users"."password_digest" = $1 LIMIT $2[0m  [["password_digest", "$2a$10$nQfN3uTnlgASp6LIfZdo1ecIcfUI6pWK.SUz.rbrtUhgFgRDzw/yq"], ["LIMIT", 1]]
  ↳ app/controllers/api/users_controller.rb:4
  [1m[36mUser Exists (0.3ms)[0m  [1m[34mSELECT  1 AS one FROM "users" WHERE "users"."session_token" = $1 LIMIT $2[0m  [["session_token", "qqmvbIFr5TTxCUiP91Y77g"], ["LIMIT", 1]]
  ↳ app/controllers/api/users_controller.rb:4
  [1m[35m (0.1ms)[0m  [1m[31mROLLBACK[0m
  ↳ app/controllers/api/users_controller.rb:4
Completed 401 Unauthorized in 93ms (Views: 0.2ms | ActiveRecord: 6.6ms)


Started GET "/" for ::1 at 2019-05-28 18:49:52 -0400
Processing by StaticPagesController#root as HTML
  Rendering static_pages/root.html.erb within layouts/application
  Rendered static_pages/root.html.erb within layouts/application (0.3ms)
Completed 200 OK in 714ms (Views: 711.7ms | ActiveRecord: 0.0ms)


Started GET "/" for ::1 at 2019-05-28 22:02:08 -0400
Processing by StaticPagesController#root as HTML
  Rendering static_pages/root.html.erb within layouts/application
  Rendered static_pages/root.html.erb within layouts/application (1.1ms)
Completed 200 OK in 900ms (Views: 897.3ms | ActiveRecord: 0.0ms)


Started GET "/" for ::1 at 2019-05-28 22:04:47 -0400
Processing by StaticPagesController#root as HTML
  Rendering static_pages/root.html.erb within layouts/application
  Rendered static_pages/root.html.erb within layouts/application (0.3ms)
Completed 200 OK in 711ms (Views: 709.5ms | ActiveRecord: 0.0ms)


Started POST "/api/session" for ::1 at 2019-05-28 22:05:10 -0400
Processing by Api::SessionsController#create as JSON
  Parameters: {"user"=>{"username"=>"asfs", "password"=>"[FILTERED]"}}
  [1m[36mUser Load (0.7ms)[0m  [1m[34mSELECT  "users".* FROM "users" WHERE "users"."username" = $1 LIMIT $2[0m  [["username", "asfs"], ["LIMIT", 1]]
  ↳ app/models/user.rb:9
  [1m[36mUser Load (0.3ms)[0m  [1m[34mSELECT  "users".* FROM "users" WHERE "users"."email" = $1 LIMIT $2[0m  [["email", "asfs"], ["LIMIT", 1]]
  ↳ app/models/user.rb:9
Completed 401 Unauthorized in 17ms (Views: 0.2ms | ActiveRecord: 7.7ms)


Started GET "/" for ::1 at 2019-05-28 22:21:36 -0400
Processing by StaticPagesController#root as HTML
  Rendering static_pages/root.html.erb within layouts/application
  Rendered static_pages/root.html.erb within layouts/application (0.3ms)
Completed 200 OK in 708ms (Views: 706.3ms | ActiveRecord: 0.0ms)


Started GET "/" for ::1 at 2019-05-29 08:58:22 -0400
Processing by StaticPagesController#root as HTML
  Rendering static_pages/root.html.erb within layouts/application
  Rendered static_pages/root.html.erb within layouts/application (1.5ms)
Completed 200 OK in 822ms (Views: 816.6ms | ActiveRecord: 0.0ms)


Started GET "/" for ::1 at 2019-05-29 09:09:04 -0400
Processing by StaticPagesController#root as HTML
  Rendering static_pages/root.html.erb within layouts/application
  Rendered static_pages/root.html.erb within layouts/application (0.3ms)
Completed 200 OK in 726ms (Views: 724.5ms | ActiveRecord: 0.0ms)


Started GET "/" for ::1 at 2019-05-29 09:10:19 -0400
Processing by StaticPagesController#root as HTML
  Rendering static_pages/root.html.erb within layouts/application
  Rendered static_pages/root.html.erb within layouts/application (0.6ms)
Completed 200 OK in 702ms (Views: 700.1ms | ActiveRecord: 0.0ms)


Started GET "/" for ::1 at 2019-05-29 09:11:28 -0400
Processing by StaticPagesController#root as HTML
  Rendering static_pages/root.html.erb within layouts/application
  Rendered static_pages/root.html.erb within layouts/application (0.3ms)
Completed 200 OK in 717ms (Views: 714.9ms | ActiveRecord: 0.0ms)


Started GET "/" for ::1 at 2019-05-29 09:13:40 -0400
Processing by StaticPagesController#root as HTML
  Rendering static_pages/root.html.erb within layouts/application
  Rendered static_pages/root.html.erb within layouts/application (0.4ms)
Completed 200 OK in 776ms (Views: 774.4ms | ActiveRecord: 0.0ms)


Started GET "/" for ::1 at 2019-05-29 09:14:03 -0400
Processing by StaticPagesController#root as HTML
  Rendering static_pages/root.html.erb within layouts/application
  Rendered static_pages/root.html.erb within layouts/application (0.3ms)
Completed 200 OK in 703ms (Views: 701.8ms | ActiveRecord: 0.0ms)


Started GET "/" for ::1 at 2019-05-29 09:14:44 -0400
Processing by StaticPagesController#root as HTML
  Rendering static_pages/root.html.erb within layouts/application
  Rendered static_pages/root.html.erb within layouts/application (0.4ms)
Completed 200 OK in 810ms (Views: 808.8ms | ActiveRecord: 0.0ms)


Started GET "/" for ::1 at 2019-05-29 09:18:46 -0400
Processing by StaticPagesController#root as HTML
  Rendering static_pages/root.html.erb within layouts/application
  Rendered static_pages/root.html.erb within layouts/application (0.4ms)
Completed 200 OK in 720ms (Views: 717.9ms | ActiveRecord: 0.0ms)


Started GET "/" for ::1 at 2019-05-29 09:29:21 -0400
Processing by StaticPagesController#root as HTML
  Rendering static_pages/root.html.erb within layouts/application
  Rendered static_pages/root.html.erb within layouts/application (0.3ms)
Completed 200 OK in 735ms (Views: 732.7ms | ActiveRecord: 0.0ms)


Started GET "/" for ::1 at 2019-05-29 09:29:36 -0400
Processing by StaticPagesController#root as HTML
  Rendering static_pages/root.html.erb within layouts/application
  Rendered static_pages/root.html.erb within layouts/application (0.3ms)
Completed 200 OK in 20ms (Views: 17.5ms | ActiveRecord: 0.0ms)


Started GET "/" for ::1 at 2019-05-29 09:31:45 -0400
Processing by StaticPagesController#root as HTML
  Rendering static_pages/root.html.erb within layouts/application
  Rendered static_pages/root.html.erb within layouts/application (0.4ms)
Completed 200 OK in 726ms (Views: 723.4ms | ActiveRecord: 0.0ms)


Started GET "/" for ::1 at 2019-05-29 09:34:46 -0400
Processing by StaticPagesController#root as HTML
  Rendering static_pages/root.html.erb within layouts/application
  Rendered static_pages/root.html.erb within layouts/application (0.4ms)
Completed 200 OK in 707ms (Views: 703.4ms | ActiveRecord: 0.0ms)


Started GET "/" for ::1 at 2019-05-29 09:35:19 -0400
Processing by StaticPagesController#root as HTML
  Rendering static_pages/root.html.erb within layouts/application
  Rendered static_pages/root.html.erb within layouts/application (0.3ms)
Completed 200 OK in 747ms (Views: 745.4ms | ActiveRecord: 0.0ms)


Started GET "/" for ::1 at 2019-05-29 09:36:12 -0400
Processing by StaticPagesController#root as HTML
  Rendering static_pages/root.html.erb within layouts/application
  Rendered static_pages/root.html.erb within layouts/application (0.3ms)
Completed 200 OK in 702ms (Views: 700.3ms | ActiveRecord: 0.0ms)


Started GET "/" for ::1 at 2019-05-29 09:40:37 -0400
Processing by StaticPagesController#root as HTML
  Rendering static_pages/root.html.erb within layouts/application
  Rendered static_pages/root.html.erb within layouts/application (0.3ms)
Completed 200 OK in 718ms (Views: 716.2ms | ActiveRecord: 0.0ms)


Started GET "/" for ::1 at 2019-05-29 09:41:39 -0400
Processing by StaticPagesController#root as HTML
  Rendering static_pages/root.html.erb within layouts/application
  Rendered static_pages/root.html.erb within layouts/application (0.3ms)
Completed 200 OK in 803ms (Views: 801.4ms | ActiveRecord: 0.0ms)


Started GET "/" for ::1 at 2019-05-29 09:44:48 -0400
Processing by StaticPagesController#root as HTML
  Rendering static_pages/root.html.erb within layouts/application
  Rendered static_pages/root.html.erb within layouts/application (0.6ms)
Completed 200 OK in 707ms (Views: 705.7ms | ActiveRecord: 0.0ms)


Started GET "/" for ::1 at 2019-05-29 09:58:12 -0400
Processing by StaticPagesController#root as HTML
  Rendering static_pages/root.html.erb within layouts/application
  Rendered static_pages/root.html.erb within layouts/application (0.5ms)
Completed 200 OK in 722ms (Views: 720.7ms | ActiveRecord: 0.0ms)


Started GET "/" for ::1 at 2019-05-29 10:03:57 -0400
Processing by StaticPagesController#root as HTML
  Rendering static_pages/root.html.erb within layouts/application
  Rendered static_pages/root.html.erb within layouts/application (0.3ms)
Completed 200 OK in 686ms (Views: 684.5ms | ActiveRecord: 0.0ms)


Started GET "/" for ::1 at 2019-05-29 10:06:25 -0400
Processing by StaticPagesController#root as HTML
  Rendering static_pages/root.html.erb within layouts/application
  Rendered static_pages/root.html.erb within layouts/application (0.6ms)
Completed 200 OK in 782ms (Views: 779.4ms | ActiveRecord: 0.0ms)


Started GET "/" for ::1 at 2019-05-29 10:06:51 -0400
Processing by StaticPagesController#root as HTML
  Rendering static_pages/root.html.erb within layouts/application
  Rendered static_pages/root.html.erb within layouts/application (0.4ms)
Completed 200 OK in 715ms (Views: 712.9ms | ActiveRecord: 0.0ms)


Started GET "/" for ::1 at 2019-05-29 10:10:54 -0400
Processing by StaticPagesController#root as HTML
  Rendering static_pages/root.html.erb within layouts/application
  Rendered static_pages/root.html.erb within layouts/application (0.3ms)
Completed 200 OK in 750ms (Views: 747.3ms | ActiveRecord: 0.0ms)


Started GET "/" for ::1 at 2019-05-29 10:11:40 -0400
Processing by StaticPagesController#root as HTML
  Rendering static_pages/root.html.erb within layouts/application
  Rendered static_pages/root.html.erb within layouts/application (0.3ms)
Completed 200 OK in 779ms (Views: 776.7ms | ActiveRecord: 0.0ms)


Started GET "/" for ::1 at 2019-05-29 10:12:01 -0400
Processing by StaticPagesController#root as HTML
  Rendering static_pages/root.html.erb within layouts/application
  Rendered static_pages/root.html.erb within layouts/application (0.4ms)
Completed 200 OK in 769ms (Views: 767.1ms | ActiveRecord: 0.0ms)


Started GET "/" for ::1 at 2019-05-29 10:14:04 -0400
Processing by StaticPagesController#root as HTML
  Rendering static_pages/root.html.erb within layouts/application
  Rendered static_pages/root.html.erb within layouts/application (0.3ms)
Completed 200 OK in 704ms (Views: 700.5ms | ActiveRecord: 0.0ms)


Started GET "/" for ::1 at 2019-05-29 10:14:54 -0400
Processing by StaticPagesController#root as HTML
  Rendering static_pages/root.html.erb within layouts/application
  Rendered static_pages/root.html.erb within layouts/application (0.4ms)
Completed 200 OK in 20ms (Views: 18.5ms | ActiveRecord: 0.0ms)


Started GET "/" for ::1 at 2019-05-29 10:17:57 -0400
Processing by StaticPagesController#root as HTML
  Rendering static_pages/root.html.erb within layouts/application
  Rendered static_pages/root.html.erb within layouts/application (0.4ms)
Completed 200 OK in 701ms (Views: 699.9ms | ActiveRecord: 0.0ms)


Started GET "/" for ::1 at 2019-05-29 10:18:52 -0400
Processing by StaticPagesController#root as HTML
  Rendering static_pages/root.html.erb within layouts/application
  Rendered static_pages/root.html.erb within layouts/application (0.3ms)
Completed 200 OK in 753ms (Views: 751.0ms | ActiveRecord: 0.0ms)


Started GET "/" for ::1 at 2019-05-29 10:21:53 -0400
Processing by StaticPagesController#root as HTML
  Rendering static_pages/root.html.erb within layouts/application
  Rendered static_pages/root.html.erb within layouts/application (0.3ms)
Completed 200 OK in 730ms (Views: 727.2ms | ActiveRecord: 0.0ms)


Started GET "/" for ::1 at 2019-05-29 10:23:28 -0400
Processing by StaticPagesController#root as HTML
  Rendering static_pages/root.html.erb within layouts/application
  Rendered static_pages/root.html.erb within layouts/application (0.3ms)
Completed 200 OK in 31ms (Views: 29.1ms | ActiveRecord: 0.0ms)


Started GET "/" for ::1 at 2019-05-29 10:26:12 -0400
Processing by StaticPagesController#root as HTML
  Rendering static_pages/root.html.erb within layouts/application
  Rendered static_pages/root.html.erb within layouts/application (0.3ms)
Completed 200 OK in 724ms (Views: 720.8ms | ActiveRecord: 0.0ms)


Started GET "/" for ::1 at 2019-05-29 10:29:50 -0400
Processing by StaticPagesController#root as HTML
  Rendering static_pages/root.html.erb within layouts/application
  Rendered static_pages/root.html.erb within layouts/application (0.3ms)
Completed 200 OK in 729ms (Views: 725.9ms | ActiveRecord: 0.0ms)


Started GET "/" for ::1 at 2019-05-29 10:39:58 -0400
Processing by StaticPagesController#root as HTML
  Rendering static_pages/root.html.erb within layouts/application
  Rendered static_pages/root.html.erb within layouts/application (1.2ms)
Completed 200 OK in 787ms (Views: 783.4ms | ActiveRecord: 0.0ms)


Started GET "/" for ::1 at 2019-05-29 10:45:34 -0400
Processing by StaticPagesController#root as HTML
  Rendering static_pages/root.html.erb within layouts/application
  Rendered static_pages/root.html.erb within layouts/application (0.3ms)
Completed 200 OK in 901ms (Views: 898.6ms | ActiveRecord: 0.0ms)


Started GET "/" for ::1 at 2019-05-29 10:53:44 -0400
Processing by StaticPagesController#root as HTML
  Rendering static_pages/root.html.erb within layouts/application
  Rendered static_pages/root.html.erb within layouts/application (0.4ms)
Completed 200 OK in 53ms (Views: 51.2ms | ActiveRecord: 0.0ms)


Started GET "/" for ::1 at 2019-05-29 10:55:04 -0400
Processing by StaticPagesController#root as HTML
  Rendering static_pages/root.html.erb within layouts/application
  Rendered static_pages/root.html.erb within layouts/application (0.3ms)
Completed 200 OK in 734ms (Views: 732.3ms | ActiveRecord: 0.0ms)


Started GET "/" for ::1 at 2019-05-29 10:56:39 -0400
Processing by StaticPagesController#root as HTML
  Rendering static_pages/root.html.erb within layouts/application
  Rendered static_pages/root.html.erb within layouts/application (0.3ms)
Completed 200 OK in 752ms (Views: 750.6ms | ActiveRecord: 0.0ms)


Started GET "/" for ::1 at 2019-05-29 10:57:16 -0400
Processing by StaticPagesController#root as HTML
  Rendering static_pages/root.html.erb within layouts/application
  Rendered static_pages/root.html.erb within layouts/application (0.3ms)
Completed 200 OK in 18ms (Views: 16.1ms | ActiveRecord: 0.0ms)


Started GET "/" for ::1 at 2019-05-29 10:59:20 -0400
Processing by StaticPagesController#root as HTML
  Rendering static_pages/root.html.erb within layouts/application
  Rendered static_pages/root.html.erb within layouts/application (0.3ms)
Completed 200 OK in 704ms (Views: 702.2ms | ActiveRecord: 0.0ms)


Started GET "/" for ::1 at 2019-05-29 11:00:54 -0400
Processing by StaticPagesController#root as HTML
  Rendering static_pages/root.html.erb within layouts/application
  Rendered static_pages/root.html.erb within layouts/application (0.3ms)
Completed 200 OK in 20ms (Views: 18.0ms | ActiveRecord: 0.0ms)


Started GET "/" for ::1 at 2019-05-29 11:01:49 -0400
Processing by StaticPagesController#root as HTML
  Rendering static_pages/root.html.erb within layouts/application
  Rendered static_pages/root.html.erb within layouts/application (0.4ms)
Completed 200 OK in 722ms (Views: 720.1ms | ActiveRecord: 0.0ms)


Started GET "/" for ::1 at 2019-05-29 11:02:39 -0400
Processing by StaticPagesController#root as HTML
  Rendering static_pages/root.html.erb within layouts/application
  Rendered static_pages/root.html.erb within layouts/application (0.3ms)
Completed 200 OK in 717ms (Views: 713.2ms | ActiveRecord: 0.0ms)


Started GET "/" for ::1 at 2019-05-29 11:03:44 -0400
Processing by StaticPagesController#root as HTML
  Rendering static_pages/root.html.erb within layouts/application
  Rendered static_pages/root.html.erb within layouts/application (0.3ms)
Completed 200 OK in 743ms (Views: 740.9ms | ActiveRecord: 0.0ms)


Started GET "/" for ::1 at 2019-05-29 11:11:15 -0400
Processing by StaticPagesController#root as HTML
  Rendering static_pages/root.html.erb within layouts/application
  Rendered static_pages/root.html.erb within layouts/application (0.3ms)
Completed 200 OK in 710ms (Views: 708.0ms | ActiveRecord: 0.0ms)


Started GET "/" for ::1 at 2019-05-29 11:13:25 -0400
Processing by StaticPagesController#root as HTML
  Rendering static_pages/root.html.erb within layouts/application
  Rendered static_pages/root.html.erb within layouts/application (0.3ms)
Completed 200 OK in 798ms (Views: 795.9ms | ActiveRecord: 0.0ms)


Started POST "/api/session" for ::1 at 2019-05-29 11:15:59 -0400
Processing by Api::SessionsController#create as JSON
  Parameters: {"user"=>{"username"=>"asdf", "password"=>"[FILTERED]"}}
  [1m[36mUser Load (0.8ms)[0m  [1m[34mSELECT  "users".* FROM "users" WHERE "users"."username" = $1 LIMIT $2[0m  [["username", "asdf"], ["LIMIT", 1]]
  ↳ app/models/user.rb:9
  [1m[36mUser Load (0.3ms)[0m  [1m[34mSELECT  "users".* FROM "users" WHERE "users"."email" = $1 LIMIT $2[0m  [["email", "asdf"], ["LIMIT", 1]]
  ↳ app/models/user.rb:9
Completed 401 Unauthorized in 4ms (Views: 0.2ms | ActiveRecord: 1.3ms)


Started POST "/api/session" for ::1 at 2019-05-29 11:16:07 -0400
Processing by Api::SessionsController#create as JSON
  Parameters: {"user"=>{"username"=>"admin", "password"=>"[FILTERED]"}}
  [1m[36mUser Load (0.5ms)[0m  [1m[34mSELECT  "users".* FROM "users" WHERE "users"."username" = $1 LIMIT $2[0m  [["username", "admin"], ["LIMIT", 1]]
  ↳ app/models/user.rb:9
  [1m[35m (0.2ms)[0m  [1m[35mBEGIN[0m
  ↳ app/models/user.rb:32
  [1m[36mUser Exists (0.5ms)[0m  [1m[34mSELECT  1 AS one FROM "users" WHERE "users"."username" = $1 AND "users"."id" != $2 LIMIT $3[0m  [["username", "admin"], ["id", 1], ["LIMIT", 1]]
  ↳ app/models/user.rb:32
  [1m[36mUser Exists (0.2ms)[0m  [1m[34mSELECT  1 AS one FROM "users" WHERE "users"."email" = $1 AND "users"."id" != $2 LIMIT $3[0m  [["email", "admin@gmail.com"], ["id", 1], ["LIMIT", 1]]
  ↳ app/models/user.rb:32
  [1m[36mUser Exists (0.2ms)[0m  [1m[34mSELECT  1 AS one FROM "users" WHERE "users"."password_digest" = $1 AND "users"."id" != $2 LIMIT $3[0m  [["password_digest", "$2a$10$pfCbTwPzHLDiRuUKINYIveOO3e6VOeD6TME8VF60RPSzFi9gOxr8."], ["id", 1], ["LIMIT", 1]]
  ↳ app/models/user.rb:32
  [1m[36mUser Exists (0.3ms)[0m  [1m[34mSELECT  1 AS one FROM "users" WHERE "users"."session_token" = $1 AND "users"."id" != $2 LIMIT $3[0m  [["session_token", "R6DZecWejiVTGYX9X9ARQg"], ["id", 1], ["LIMIT", 1]]
  ↳ app/models/user.rb:32
  [1m[36mUser Update (0.5ms)[0m  [1m[33mUPDATE "users" SET "session_token" = $1, "updated_at" = $2 WHERE "users"."id" = $3[0m  [["session_token", "R6DZecWejiVTGYX9X9ARQg"], ["updated_at", "2019-05-29 15:16:07.423472"], ["id", 1]]
  ↳ app/models/user.rb:32
  [1m[35m (0.7ms)[0m  [1m[35mCOMMIT[0m
  ↳ app/models/user.rb:32
  Rendering api/users/show.json.jbuilder
  Rendered api/users/show.json.jbuilder (0.4ms)
Completed 200 OK in 80ms (Views: 5.7ms | ActiveRecord: 10.0ms)


Started GET "/" for ::1 at 2019-05-29 11:16:39 -0400
Processing by StaticPagesController#root as HTML
  Rendering static_pages/root.html.erb within layouts/application
  Rendered static_pages/root.html.erb within layouts/application (0.3ms)
Completed 200 OK in 36ms (Views: 34.4ms | ActiveRecord: 0.0ms)


Started POST "/api/session" for ::1 at 2019-05-29 11:16:43 -0400
Processing by Api::SessionsController#create as JSON
  Parameters: {"user"=>{"username"=>"asf", "password"=>"[FILTERED]"}}
  [1m[36mUser Load (0.3ms)[0m  [1m[34mSELECT  "users".* FROM "users" WHERE "users"."username" = $1 LIMIT $2[0m  [["username", "asf"], ["LIMIT", 1]]
  ↳ app/models/user.rb:9
  [1m[36mUser Load (0.2ms)[0m  [1m[34mSELECT  "users".* FROM "users" WHERE "users"."email" = $1 LIMIT $2[0m  [["email", "asf"], ["LIMIT", 1]]
  ↳ app/models/user.rb:9
Completed 404 Not Found in 14ms (Views: 0.4ms | ActiveRecord: 4.3ms)


Started GET "/" for ::1 at 2019-05-29 11:29:41 -0400
Processing by StaticPagesController#root as HTML
  Rendering static_pages/root.html.erb within layouts/application
  Rendered static_pages/root.html.erb within layouts/application (0.9ms)
Completed 200 OK in 942ms (Views: 938.8ms | ActiveRecord: 0.0ms)


Started GET "/" for ::1 at 2019-05-29 11:37:51 -0400
Processing by StaticPagesController#root as HTML
  Rendering static_pages/root.html.erb within layouts/application
  Rendered static_pages/root.html.erb within layouts/application (1.1ms)
Completed 200 OK in 466ms (Views: 463.1ms | ActiveRecord: 0.0ms)


Started GET "/" for ::1 at 2019-05-29 11:40:57 -0400
Processing by StaticPagesController#root as HTML
  Rendering static_pages/root.html.erb within layouts/application
  Rendered static_pages/root.html.erb within layouts/application (1.1ms)
Completed 200 OK in 69ms (Views: 65.3ms | ActiveRecord: 0.0ms)


Started GET "/" for ::1 at 2019-05-29 11:41:06 -0400
Processing by StaticPagesController#root as HTML
  Rendering static_pages/root.html.erb within layouts/application
  Rendered static_pages/root.html.erb within layouts/application (0.3ms)
Completed 200 OK in 23ms (Views: 21.0ms | ActiveRecord: 0.0ms)


Started GET "/" for ::1 at 2019-05-29 11:41:42 -0400
Processing by StaticPagesController#root as HTML
  Rendering static_pages/root.html.erb within layouts/application
  Rendered static_pages/root.html.erb within layouts/application (0.3ms)
Completed 200 OK in 58ms (Views: 56.1ms | ActiveRecord: 0.0ms)


Started GET "/" for ::1 at 2019-05-29 11:43:24 -0400
Processing by StaticPagesController#root as HTML
  Rendering static_pages/root.html.erb within layouts/application
  Rendered static_pages/root.html.erb within layouts/application (0.4ms)
Completed 200 OK in 46ms (Views: 44.4ms | ActiveRecord: 0.0ms)


Started GET "/" for ::1 at 2019-05-29 11:43:50 -0400
Processing by StaticPagesController#root as HTML
  Rendering static_pages/root.html.erb within layouts/application
  Rendered static_pages/root.html.erb within layouts/application (0.4ms)
Completed 200 OK in 41ms (Views: 38.8ms | ActiveRecord: 0.0ms)


Started GET "/" for ::1 at 2019-05-29 11:45:49 -0400
Processing by StaticPagesController#root as HTML
  Rendering static_pages/root.html.erb within layouts/application
  Rendered static_pages/root.html.erb within layouts/application (0.4ms)
Completed 200 OK in 54ms (Views: 51.7ms | ActiveRecord: 0.0ms)


Started GET "/" for ::1 at 2019-05-29 11:46:08 -0400
Processing by StaticPagesController#root as HTML
  Rendering static_pages/root.html.erb within layouts/application
  Rendered static_pages/root.html.erb within layouts/application (0.4ms)
Completed 200 OK in 36ms (Views: 34.6ms | ActiveRecord: 0.0ms)


Started GET "/" for ::1 at 2019-05-29 11:56:51 -0400
Processing by StaticPagesController#root as HTML
  Rendering static_pages/root.html.erb within layouts/application
  Rendered static_pages/root.html.erb within layouts/application (0.3ms)
Completed 200 OK in 60ms (Views: 57.5ms | ActiveRecord: 0.0ms)


Started GET "/" for ::1 at 2019-05-29 11:56:57 -0400
Processing by StaticPagesController#root as HTML
  Rendering static_pages/root.html.erb within layouts/application
  Rendered static_pages/root.html.erb within layouts/application (0.4ms)
Completed 200 OK in 44ms (Views: 42.2ms | ActiveRecord: 0.0ms)


Started GET "/" for ::1 at 2019-05-29 11:57:34 -0400
Processing by StaticPagesController#root as HTML
  Rendering static_pages/root.html.erb within layouts/application
  Rendered static_pages/root.html.erb within layouts/application (0.3ms)
Completed 200 OK in 37ms (Views: 35.4ms | ActiveRecord: 0.0ms)


Started GET "/" for ::1 at 2019-05-29 11:58:12 -0400
Processing by StaticPagesController#root as HTML
  Rendering static_pages/root.html.erb within layouts/application
  Rendered static_pages/root.html.erb within layouts/application (0.4ms)
Completed 200 OK in 42ms (Views: 40.4ms | ActiveRecord: 0.0ms)


Started GET "/" for ::1 at 2019-05-29 12:03:05 -0400
Processing by StaticPagesController#root as HTML
  Rendering static_pages/root.html.erb within layouts/application
  Rendered static_pages/root.html.erb within layouts/application (0.7ms)
Completed 200 OK in 67ms (Views: 63.3ms | ActiveRecord: 0.0ms)


Started GET "/" for ::1 at 2019-05-29 12:03:24 -0400
Processing by StaticPagesController#root as HTML
  Rendering static_pages/root.html.erb within layouts/application
  Rendered static_pages/root.html.erb within layouts/application (0.3ms)
Completed 200 OK in 40ms (Views: 38.0ms | ActiveRecord: 0.0ms)


Started GET "/" for ::1 at 2019-05-29 12:03:44 -0400
Processing by StaticPagesController#root as HTML
  Rendering static_pages/root.html.erb within layouts/application
  Rendered static_pages/root.html.erb within layouts/application (0.3ms)
Completed 200 OK in 26ms (Views: 24.5ms | ActiveRecord: 0.0ms)


Started GET "/" for ::1 at 2019-05-29 12:04:53 -0400
Processing by StaticPagesController#root as HTML
  Rendering static_pages/root.html.erb within layouts/application
  Rendered static_pages/root.html.erb within layouts/application (0.3ms)
Completed 200 OK in 45ms (Views: 43.2ms | ActiveRecord: 0.0ms)


Started GET "/" for ::1 at 2019-05-29 12:06:30 -0400
Processing by StaticPagesController#root as HTML
  Rendering static_pages/root.html.erb within layouts/application
  Rendered static_pages/root.html.erb within layouts/application (0.4ms)
Completed 200 OK in 38ms (Views: 35.9ms | ActiveRecord: 0.0ms)


Started GET "/" for ::1 at 2019-05-29 12:06:39 -0400
Processing by StaticPagesController#root as HTML
  Rendering static_pages/root.html.erb within layouts/application
  Rendered static_pages/root.html.erb within layouts/application (0.4ms)
Completed 200 OK in 39ms (Views: 37.0ms | ActiveRecord: 0.0ms)


Started GET "/" for ::1 at 2019-05-29 12:08:30 -0400
Processing by StaticPagesController#root as HTML
  Rendering static_pages/root.html.erb within layouts/application
  Rendered static_pages/root.html.erb within layouts/application (0.4ms)
Completed 200 OK in 42ms (Views: 40.1ms | ActiveRecord: 0.0ms)


Started GET "/" for ::1 at 2019-05-29 13:13:21 -0400
Processing by StaticPagesController#root as HTML
  Rendering static_pages/root.html.erb within layouts/application
  Rendered static_pages/root.html.erb within layouts/application (1.6ms)
Completed 200 OK in 889ms (Views: 884.1ms | ActiveRecord: 0.0ms)


Started GET "/" for ::1 at 2019-05-29 13:14:01 -0400
Processing by StaticPagesController#root as HTML
  Rendering static_pages/root.html.erb within layouts/application
  Rendered static_pages/root.html.erb within layouts/application (0.4ms)
Completed 200 OK in 730ms (Views: 728.6ms | ActiveRecord: 0.0ms)


Started GET "/" for ::1 at 2019-05-29 13:14:18 -0400
Processing by StaticPagesController#root as HTML
  Rendering static_pages/root.html.erb within layouts/application
  Rendered static_pages/root.html.erb within layouts/application (0.3ms)
Completed 200 OK in 704ms (Views: 702.6ms | ActiveRecord: 0.0ms)


Started GET "/" for ::1 at 2019-05-29 13:14:32 -0400
Processing by StaticPagesController#root as HTML
  Rendering static_pages/root.html.erb within layouts/application
  Rendered static_pages/root.html.erb within layouts/application (0.3ms)
Completed 200 OK in 722ms (Views: 719.5ms | ActiveRecord: 0.0ms)


Started GET "/" for ::1 at 2019-05-29 13:14:35 -0400
Processing by StaticPagesController#root as HTML
  Rendering static_pages/root.html.erb within layouts/application
  Rendered static_pages/root.html.erb within layouts/application (0.5ms)
Completed 200 OK in 24ms (Views: 22.0ms | ActiveRecord: 0.0ms)


Started GET "/" for ::1 at 2019-05-29 13:15:22 -0400
Processing by StaticPagesController#root as HTML
  Rendering static_pages/root.html.erb within layouts/application
  Rendered static_pages/root.html.erb within layouts/application (0.3ms)
Completed 200 OK in 699ms (Views: 697.5ms | ActiveRecord: 0.0ms)


Started GET "/" for ::1 at 2019-05-29 13:16:53 -0400
Processing by StaticPagesController#root as HTML
  Rendering static_pages/root.html.erb within layouts/application
  Rendered static_pages/root.html.erb within layouts/application (0.3ms)
Completed 200 OK in 63ms (Views: 60.4ms | ActiveRecord: 0.0ms)


Started GET "/" for ::1 at 2019-05-29 13:22:23 -0400
Processing by StaticPagesController#root as HTML
  Rendering static_pages/root.html.erb within layouts/application
  Rendered static_pages/root.html.erb within layouts/application (0.3ms)
Completed 200 OK in 99ms (Views: 96.8ms | ActiveRecord: 0.0ms)


Started GET "/" for ::1 at 2019-05-29 13:32:56 -0400
Processing by StaticPagesController#root as HTML
  Rendering static_pages/root.html.erb within layouts/application
  Rendered static_pages/root.html.erb within layouts/application (1.4ms)
Completed 200 OK in 986ms (Views: 981.3ms | ActiveRecord: 0.0ms)


Started GET "/" for ::1 at 2019-05-29 13:39:49 -0400
Processing by StaticPagesController#root as HTML
  Rendering static_pages/root.html.erb within layouts/application
  Rendered static_pages/root.html.erb within layouts/application (1.4ms)
Completed 200 OK in 890ms (Views: 886.1ms | ActiveRecord: 0.0ms)


Started GET "/" for ::1 at 2019-05-29 13:55:53 -0400
Processing by StaticPagesController#root as HTML
  Rendering static_pages/root.html.erb within layouts/application
  Rendered static_pages/root.html.erb within layouts/application (1.6ms)
Completed 200 OK in 910ms (Views: 905.2ms | ActiveRecord: 0.0ms)


Started GET "/" for ::1 at 2019-05-29 14:01:51 -0400
Processing by StaticPagesController#root as HTML
  Rendering static_pages/root.html.erb within layouts/application
  Rendered static_pages/root.html.erb within layouts/application (0.5ms)
Completed 200 OK in 86ms (Views: 83.2ms | ActiveRecord: 0.0ms)


Started GET "/" for ::1 at 2019-05-29 14:11:53 -0400
Processing by StaticPagesController#root as HTML
  Rendering static_pages/root.html.erb within layouts/application
  Rendered static_pages/root.html.erb within layouts/application (0.6ms)
Completed 200 OK in 872ms (Views: 869.1ms | ActiveRecord: 0.0ms)


Started POST "/api/session" for ::1 at 2019-05-29 14:12:26 -0400
Processing by Api::SessionsController#create as JSON
  Parameters: {"user"=>{"username"=>"sfds", "password"=>"[FILTERED]"}}
  [1m[36mUser Load (0.8ms)[0m  [1m[34mSELECT  "users".* FROM "users" WHERE "users"."username" = $1 LIMIT $2[0m  [["username", "sfds"], ["LIMIT", 1]]
  ↳ app/models/user.rb:9
  [1m[36mUser Load (0.3ms)[0m  [1m[34mSELECT  "users".* FROM "users" WHERE "users"."email" = $1 LIMIT $2[0m  [["email", "sfds"], ["LIMIT", 1]]
  ↳ app/models/user.rb:9
Completed 404 Not Found in 5ms (Views: 0.2ms | ActiveRecord: 1.3ms)


Started GET "/" for ::1 at 2019-05-29 14:13:44 -0400
Processing by StaticPagesController#root as HTML
  Rendering static_pages/root.html.erb within layouts/application
  Rendered static_pages/root.html.erb within layouts/application (0.3ms)
Completed 200 OK in 762ms (Views: 760.2ms | ActiveRecord: 0.0ms)


Started POST "/api/session" for ::1 at 2019-05-29 14:13:48 -0400
Processing by Api::SessionsController#create as JSON
  Parameters: {"user"=>{"username"=>"sdfas", "password"=>"[FILTERED]"}}
  [1m[36mUser Load (0.4ms)[0m  [1m[34mSELECT  "users".* FROM "users" WHERE "users"."username" = $1 LIMIT $2[0m  [["username", "sdfas"], ["LIMIT", 1]]
  ↳ app/models/user.rb:9
  [1m[36mUser Load (0.2ms)[0m  [1m[34mSELECT  "users".* FROM "users" WHERE "users"."email" = $1 LIMIT $2[0m  [["email", "sdfas"], ["LIMIT", 1]]
  ↳ app/models/user.rb:9
Completed 404 Not Found in 2ms (Views: 0.1ms | ActiveRecord: 0.6ms)


Started GET "/" for ::1 at 2019-05-29 14:29:46 -0400
Processing by StaticPagesController#root as HTML
  Rendering static_pages/root.html.erb within layouts/application
  Rendered static_pages/root.html.erb within layouts/application (1.5ms)
Completed 200 OK in 118ms (Views: 113.3ms | ActiveRecord: 0.0ms)


Started POST "/api/session" for ::1 at 2019-05-29 14:29:53 -0400
Processing by Api::SessionsController#create as JSON
  Parameters: {"user"=>{"username"=>"sfafd", "password"=>"[FILTERED]"}}
  [1m[36mUser Load (0.9ms)[0m  [1m[34mSELECT  "users".* FROM "users" WHERE "users"."username" = $1 LIMIT $2[0m  [["username", "sfafd"], ["LIMIT", 1]]
  ↳ app/models/user.rb:9
  [1m[36mUser Load (0.3ms)[0m  [1m[34mSELECT  "users".* FROM "users" WHERE "users"."email" = $1 LIMIT $2[0m  [["email", "sfafd"], ["LIMIT", 1]]
  ↳ app/models/user.rb:9
Completed 404 Not Found in 8ms (Views: 0.3ms | ActiveRecord: 1.3ms)


Started GET "/" for ::1 at 2019-05-29 14:31:10 -0400
Processing by StaticPagesController#root as HTML
  Rendering static_pages/root.html.erb within layouts/application
  Rendered static_pages/root.html.erb within layouts/application (1.1ms)
Completed 200 OK in 810ms (Views: 807.1ms | ActiveRecord: 0.0ms)


Started POST "/api/session" for ::1 at 2019-05-29 14:31:41 -0400
Processing by Api::SessionsController#create as JSON
  Parameters: {"user"=>{"username"=>"sdf", "password"=>"[FILTERED]"}}
  [1m[36mUser Load (0.9ms)[0m  [1m[34mSELECT  "users".* FROM "users" WHERE "users"."username" = $1 LIMIT $2[0m  [["username", "sdf"], ["LIMIT", 1]]
  ↳ app/models/user.rb:9
  [1m[36mUser Load (0.4ms)[0m  [1m[34mSELECT  "users".* FROM "users" WHERE "users"."email" = $1 LIMIT $2[0m  [["email", "sdf"], ["LIMIT", 1]]
  ↳ app/models/user.rb:9
Completed 404 Not Found in 5ms (Views: 0.3ms | ActiveRecord: 1.6ms)


Started GET "/" for ::1 at 2019-05-29 14:40:51 -0400
Processing by StaticPagesController#root as HTML
  Rendering static_pages/root.html.erb within layouts/application
  Rendered static_pages/root.html.erb within layouts/application (1.4ms)
Completed 200 OK in 906ms (Views: 901.2ms | ActiveRecord: 0.0ms)


Started POST "/api/session" for ::1 at 2019-05-29 14:40:55 -0400
Processing by Api::SessionsController#create as JSON
  Parameters: {"user"=>{"username"=>"saf", "password"=>"[FILTERED]"}}
  [1m[36mUser Load (0.9ms)[0m  [1m[34mSELECT  "users".* FROM "users" WHERE "users"."username" = $1 LIMIT $2[0m  [["username", "saf"], ["LIMIT", 1]]
  ↳ app/models/user.rb:9
  [1m[36mUser Load (0.3ms)[0m  [1m[34mSELECT  "users".* FROM "users" WHERE "users"."email" = $1 LIMIT $2[0m  [["email", "saf"], ["LIMIT", 1]]
  ↳ app/models/user.rb:9
Completed 404 Not Found in 6ms (Views: 0.2ms | ActiveRecord: 1.4ms)


Started GET "/" for ::1 at 2019-05-29 14:47:14 -0400
Processing by StaticPagesController#root as HTML
  Rendering static_pages/root.html.erb within layouts/application
  Rendered static_pages/root.html.erb within layouts/application (0.5ms)
Completed 200 OK in 129ms (Views: 126.8ms | ActiveRecord: 0.0ms)


Started GET "/" for ::1 at 2019-05-29 14:47:45 -0400
Processing by StaticPagesController#root as HTML
  Rendering static_pages/root.html.erb within layouts/application
  Rendered static_pages/root.html.erb within layouts/application (0.3ms)
Completed 200 OK in 753ms (Views: 748.9ms | ActiveRecord: 0.0ms)


Started POST "/api/session" for ::1 at 2019-05-29 15:07:18 -0400
Processing by Api::SessionsController#create as JSON
  Parameters: {"user"=>{"username"=>"sfdsa", "password"=>"[FILTERED]"}}
  [1m[36mUser Load (0.7ms)[0m  [1m[34mSELECT  "users".* FROM "users" WHERE "users"."username" = $1 LIMIT $2[0m  [["username", "sfdsa"], ["LIMIT", 1]]
  ↳ app/models/user.rb:9
  [1m[36mUser Load (0.2ms)[0m  [1m[34mSELECT  "users".* FROM "users" WHERE "users"."email" = $1 LIMIT $2[0m  [["email", "sfdsa"], ["LIMIT", 1]]
  ↳ app/models/user.rb:9
Completed 404 Not Found in 14ms (Views: 1.5ms | ActiveRecord: 1.2ms)


